[INFO] 2016-05-06 09:48:13.950 [Test worker] o.s.t.c.s.DefaultTestContextBootstrapper - [requestID: ] Loaded default TestExecutionListener class names from location [META-INF/spring.factories]: [org.springframework.test.context.web.ServletTestExecutionListener, org.springframework.test.context.support.DirtiesContextBeforeModesTestExecutionListener, org.springframework.test.context.support.DependencyInjectionTestExecutionListener, org.springframework.test.context.support.DirtiesContextTestExecutionListener, org.springframework.test.context.transaction.TransactionalTestExecutionListener, org.springframework.test.context.jdbc.SqlScriptsTestExecutionListener]
[INFO] 2016-05-06 09:48:14.034 [Test worker] o.s.t.c.s.DefaultTestContextBootstrapper - [requestID: ] Using TestExecutionListeners: [org.springframework.test.context.web.ServletTestExecutionListener@711828aa, org.springframework.test.context.support.DirtiesContextBeforeModesTestExecutionListener@7cea5a4b, org.springframework.test.context.support.DependencyInjectionTestExecutionListener@44186579, org.springframework.test.context.support.DirtiesContextTestExecutionListener@101ddf8, org.springframework.test.context.transaction.TransactionalTestExecutionListener@31ecf80a, org.springframework.test.context.jdbc.SqlScriptsTestExecutionListener@1f7ad47e]
[INFO] 2016-05-06 09:48:14.529 [Test worker] o.s.c.s.GenericApplicationContext - [requestID: ] Refreshing org.springframework.context.support.GenericApplicationContext@47a21fa5: startup date [Fri May 06 09:48:14 CEST 2016]; root of context hierarchy
[INFO] 2016-05-06 09:48:15.971 [Test worker] o.h.validator.internal.util.Version - [requestID: ] HV000001: Hibernate Validator 5.3.0.Alpha1
[INFO] 2016-05-06 09:48:16.848 [Test worker] o.s.o.j.LocalContainerEntityManagerFactoryBean - [requestID: ] Building JPA container EntityManagerFactory for persistence unit 'default'
[INFO] 2016-05-06 09:48:16.903 [Test worker] o.h.jpa.internal.util.LogHelper - [requestID: ] HHH000204: Processing PersistenceUnitInfo [
	name: default
	...]
[INFO] 2016-05-06 09:48:17.069 [Test worker] org.hibernate.Version - [requestID: ] HHH000412: Hibernate Core {5.1.0.Final}
[INFO] 2016-05-06 09:48:17.073 [Test worker] org.hibernate.cfg.Environment - [requestID: ] HHH000206: hibernate.properties not found
[INFO] 2016-05-06 09:48:17.076 [Test worker] org.hibernate.cfg.Environment - [requestID: ] HHH000021: Bytecode provider name : javassist
[INFO] 2016-05-06 09:48:17.170 [Test worker] o.h.annotations.common.Version - [requestID: ] HCANN000001: Hibernate Commons Annotations {5.0.1.Final}
[WARN] 2016-05-06 09:48:17.188 [Test worker] org.hibernate.orm.deprecation - [requestID: ] HHH90000006: Attempted to specify unsupported NamingStrategy via setting [hibernate.ejb.naming_strategy]; NamingStrategy has been removed in favor of the split ImplicitNamingStrategy and PhysicalNamingStrategy; use [hibernate.implicit_naming_strategy] or [hibernate.physical_naming_strategy], respectively, instead.
[INFO] 2016-05-06 09:48:17.965 [Test worker] org.hibernate.dialect.Dialect - [requestID: ] HHH000400: Using dialect: org.hibernate.dialect.H2Dialect
[INFO] 2016-05-06 09:48:19.554 [Test worker] o.h.t.s.e.i.InformationExtractorJdbcDatabaseMetaDataImpl - [requestID: ] HHH000262: Table not found: Cart
[INFO] 2016-05-06 09:48:19.556 [Test worker] o.h.t.s.e.i.InformationExtractorJdbcDatabaseMetaDataImpl - [requestID: ] HHH000262: Table not found: Cart
[INFO] 2016-05-06 09:48:19.567 [Test worker] o.h.t.s.e.i.InformationExtractorJdbcDatabaseMetaDataImpl - [requestID: ] HHH000262: Table not found: Person
[INFO] 2016-05-06 09:48:19.569 [Test worker] o.h.t.s.e.i.InformationExtractorJdbcDatabaseMetaDataImpl - [requestID: ] HHH000262: Table not found: Person
[INFO] 2016-05-06 09:48:19.574 [Test worker] o.h.t.s.e.i.InformationExtractorJdbcDatabaseMetaDataImpl - [requestID: ] HHH000262: Table not found: SimpleProduct
[INFO] 2016-05-06 09:48:19.575 [Test worker] o.h.t.s.e.i.InformationExtractorJdbcDatabaseMetaDataImpl - [requestID: ] HHH000262: Table not found: SimpleProduct
[INFO] 2016-05-06 09:48:19.580 [Test worker] o.h.t.s.e.i.InformationExtractorJdbcDatabaseMetaDataImpl - [requestID: ] HHH000262: Table not found: Todo
[INFO] 2016-05-06 09:48:19.582 [Test worker] o.h.t.s.e.i.InformationExtractorJdbcDatabaseMetaDataImpl - [requestID: ] HHH000262: Table not found: Todo
[DEBUG] 2016-05-06 09:48:20.103 [Test worker] o.h.s.internal.StatisticsInitiator - [requestID: ] Statistics initialized [enabled=false]
[INFO] 2016-05-06 09:48:20.459 [Test worker] o.h.h.i.QueryTranslatorFactoryInitiator - [requestID: ] HHH000397: Using ASTQueryTranslatorFactory
[INFO] 2016-05-06 09:48:20.850 [Thread-7] o.s.c.s.GenericApplicationContext - [requestID: ] Closing org.springframework.context.support.GenericApplicationContext@47a21fa5: startup date [Fri May 06 09:48:14 CEST 2016]; root of context hierarchy
[INFO] 2016-05-06 09:48:20.948 [Thread-7] o.s.o.j.LocalContainerEntityManagerFactoryBean - [requestID: ] Closing JPA EntityManagerFactory for persistence unit 'default'
[INFO] 2016-05-06 09:57:05.179 [Test worker] o.s.t.c.s.DefaultTestContextBootstrapper - [requestID: ] Loaded default TestExecutionListener class names from location [META-INF/spring.factories]: [org.springframework.test.context.web.ServletTestExecutionListener, org.springframework.test.context.support.DirtiesContextBeforeModesTestExecutionListener, org.springframework.test.context.support.DependencyInjectionTestExecutionListener, org.springframework.test.context.support.DirtiesContextTestExecutionListener, org.springframework.test.context.transaction.TransactionalTestExecutionListener, org.springframework.test.context.jdbc.SqlScriptsTestExecutionListener]
[INFO] 2016-05-06 09:57:05.229 [Test worker] o.s.t.c.s.DefaultTestContextBootstrapper - [requestID: ] Using TestExecutionListeners: [org.springframework.test.context.web.ServletTestExecutionListener@771bed9d, org.springframework.test.context.support.DirtiesContextBeforeModesTestExecutionListener@5df4c58e, org.springframework.test.context.support.DependencyInjectionTestExecutionListener@23581b04, org.springframework.test.context.support.DirtiesContextTestExecutionListener@67b29997, org.springframework.test.context.transaction.TransactionalTestExecutionListener@4fedf7f9, org.springframework.test.context.jdbc.SqlScriptsTestExecutionListener@344e833f]
[INFO] 2016-05-06 09:57:05.553 [Test worker] o.s.c.s.GenericApplicationContext - [requestID: ] Refreshing org.springframework.context.support.GenericApplicationContext@788c2ce2: startup date [Fri May 06 09:57:05 CEST 2016]; root of context hierarchy
[INFO] 2016-05-06 09:57:06.625 [Test worker] o.h.validator.internal.util.Version - [requestID: ] HV000001: Hibernate Validator 5.3.0.Alpha1
[INFO] 2016-05-06 09:57:07.659 [Test worker] o.s.o.j.LocalContainerEntityManagerFactoryBean - [requestID: ] Building JPA container EntityManagerFactory for persistence unit 'default'
[INFO] 2016-05-06 09:57:07.705 [Test worker] o.h.jpa.internal.util.LogHelper - [requestID: ] HHH000204: Processing PersistenceUnitInfo [
	name: default
	...]
[INFO] 2016-05-06 09:57:07.897 [Test worker] org.hibernate.Version - [requestID: ] HHH000412: Hibernate Core {5.1.0.Final}
[INFO] 2016-05-06 09:57:07.900 [Test worker] org.hibernate.cfg.Environment - [requestID: ] HHH000206: hibernate.properties not found
[INFO] 2016-05-06 09:57:07.905 [Test worker] org.hibernate.cfg.Environment - [requestID: ] HHH000021: Bytecode provider name : javassist
[INFO] 2016-05-06 09:57:08.003 [Test worker] o.h.annotations.common.Version - [requestID: ] HCANN000001: Hibernate Commons Annotations {5.0.1.Final}
[WARN] 2016-05-06 09:57:08.025 [Test worker] org.hibernate.orm.deprecation - [requestID: ] HHH90000006: Attempted to specify unsupported NamingStrategy via setting [hibernate.ejb.naming_strategy]; NamingStrategy has been removed in favor of the split ImplicitNamingStrategy and PhysicalNamingStrategy; use [hibernate.implicit_naming_strategy] or [hibernate.physical_naming_strategy], respectively, instead.
[INFO] 2016-05-06 09:57:08.801 [Test worker] org.hibernate.dialect.Dialect - [requestID: ] HHH000400: Using dialect: org.hibernate.dialect.H2Dialect
[INFO] 2016-05-06 09:57:10.781 [Test worker] o.h.t.s.e.i.InformationExtractorJdbcDatabaseMetaDataImpl - [requestID: ] HHH000262: Table not found: PROJECT_EMPLOYEE
[WARN] 2016-05-06 09:57:10.791 [Test worker] o.h.t.s.i.ExceptionHandlerLoggedImpl - [requestID: ] GenerationTarget encountered exception accepting command : Unable to execute command [
    create table JPA.PROJECT_EMPLOYEE (
        EMPLOYEES_ID bigint not null,
        PROJECTS_ID bigint not null
    )]
org.hibernate.tool.schema.spi.CommandAcceptanceException: Unable to execute command [
    create table JPA.PROJECT_EMPLOYEE (
        EMPLOYEES_ID bigint not null,
        PROJECTS_ID bigint not null
    )]
	at org.hibernate.tool.schema.internal.exec.GenerationTargetToDatabase.accept(GenerationTargetToDatabase.java:63) ~[hibernate-core-5.1.0.Final.jar:5.1.0.Final]
	at org.hibernate.tool.schema.internal.SchemaMigratorImpl.applySqlString(SchemaMigratorImpl.java:567) [hibernate-core-5.1.0.Final.jar:5.1.0.Final]
	at org.hibernate.tool.schema.internal.SchemaMigratorImpl.applySqlStrings(SchemaMigratorImpl.java:551) [hibernate-core-5.1.0.Final.jar:5.1.0.Final]
	at org.hibernate.tool.schema.internal.SchemaMigratorImpl.createTable(SchemaMigratorImpl.java:339) [hibernate-core-5.1.0.Final.jar:5.1.0.Final]
	at org.hibernate.tool.schema.internal.SchemaMigratorImpl.performMigration(SchemaMigratorImpl.java:257) [hibernate-core-5.1.0.Final.jar:5.1.0.Final]
	at org.hibernate.tool.schema.internal.SchemaMigratorImpl.doMigration(SchemaMigratorImpl.java:137) [hibernate-core-5.1.0.Final.jar:5.1.0.Final]
	at org.hibernate.tool.schema.internal.SchemaMigratorImpl.doMigration(SchemaMigratorImpl.java:110) [hibernate-core-5.1.0.Final.jar:5.1.0.Final]
	at org.hibernate.tool.schema.spi.SchemaManagementToolCoordinator.performDatabaseAction(SchemaManagementToolCoordinator.java:176) [hibernate-core-5.1.0.Final.jar:5.1.0.Final]
	at org.hibernate.tool.schema.spi.SchemaManagementToolCoordinator.process(SchemaManagementToolCoordinator.java:64) [hibernate-core-5.1.0.Final.jar:5.1.0.Final]
	at org.hibernate.internal.SessionFactoryImpl.<init>(SessionFactoryImpl.java:458) [hibernate-core-5.1.0.Final.jar:5.1.0.Final]
	at org.hibernate.boot.internal.SessionFactoryBuilderImpl.build(SessionFactoryBuilderImpl.java:465) [hibernate-core-5.1.0.Final.jar:5.1.0.Final]
	at org.hibernate.jpa.boot.internal.EntityManagerFactoryBuilderImpl.build(EntityManagerFactoryBuilderImpl.java:881) [hibernate-entitymanager-5.1.0.Final.jar:5.1.0.Final]
	at org.springframework.orm.jpa.vendor.SpringHibernateJpaPersistenceProvider.createContainerEntityManagerFactory(SpringHibernateJpaPersistenceProvider.java:60) [spring-orm-4.2.4.RELEASE.jar:4.2.4.RELEASE]
	at org.springframework.orm.jpa.LocalContainerEntityManagerFactoryBean.createNativeEntityManagerFactory(LocalContainerEntityManagerFactoryBean.java:343) [spring-orm-4.2.4.RELEASE.jar:4.2.4.RELEASE]
	at org.springframework.orm.jpa.AbstractEntityManagerFactoryBean.afterPropertiesSet(AbstractEntityManagerFactoryBean.java:318) [spring-orm-4.2.4.RELEASE.jar:4.2.4.RELEASE]
	at org.springframework.beans.factory.support.AbstractAutowireCapableBeanFactory.invokeInitMethods(AbstractAutowireCapableBeanFactory.java:1637) [spring-beans-4.2.4.RELEASE.jar:4.2.4.RELEASE]
	at org.springframework.beans.factory.support.AbstractAutowireCapableBeanFactory.initializeBean(AbstractAutowireCapableBeanFactory.java:1574) [spring-beans-4.2.4.RELEASE.jar:4.2.4.RELEASE]
	at org.springframework.beans.factory.support.AbstractAutowireCapableBeanFactory.doCreateBean(AbstractAutowireCapableBeanFactory.java:545) [spring-beans-4.2.4.RELEASE.jar:4.2.4.RELEASE]
	at org.springframework.beans.factory.support.AbstractAutowireCapableBeanFactory.createBean(AbstractAutowireCapableBeanFactory.java:482) [spring-beans-4.2.4.RELEASE.jar:4.2.4.RELEASE]
	at org.springframework.beans.factory.support.AbstractBeanFactory$1.getObject(AbstractBeanFactory.java:306) [spring-beans-4.2.4.RELEASE.jar:4.2.4.RELEASE]
	at org.springframework.beans.factory.support.DefaultSingletonBeanRegistry.getSingleton(DefaultSingletonBeanRegistry.java:230) [spring-beans-4.2.4.RELEASE.jar:4.2.4.RELEASE]
	at org.springframework.beans.factory.support.AbstractBeanFactory.doGetBean(AbstractBeanFactory.java:302) [spring-beans-4.2.4.RELEASE.jar:4.2.4.RELEASE]
	at org.springframework.beans.factory.support.AbstractBeanFactory.getBean(AbstractBeanFactory.java:197) [spring-beans-4.2.4.RELEASE.jar:4.2.4.RELEASE]
	at org.springframework.context.support.AbstractApplicationContext.getBean(AbstractApplicationContext.java:1054) [spring-context-4.2.4.RELEASE.jar:4.2.4.RELEASE]
	at org.springframework.context.support.AbstractApplicationContext.finishBeanFactoryInitialization(AbstractApplicationContext.java:829) [spring-context-4.2.4.RELEASE.jar:4.2.4.RELEASE]
	at org.springframework.context.support.AbstractApplicationContext.refresh(AbstractApplicationContext.java:538) [spring-context-4.2.4.RELEASE.jar:4.2.4.RELEASE]
	at org.springframework.test.context.support.AbstractGenericContextLoader.loadContext(AbstractGenericContextLoader.java:125) [spring-test-4.2.4.RELEASE.jar:4.2.4.RELEASE]
	at org.springframework.test.context.support.AbstractGenericContextLoader.loadContext(AbstractGenericContextLoader.java:60) [spring-test-4.2.4.RELEASE.jar:4.2.4.RELEASE]
	at org.springframework.test.context.support.AbstractDelegatingSmartContextLoader.delegateLoading(AbstractDelegatingSmartContextLoader.java:109) [spring-test-4.2.4.RELEASE.jar:4.2.4.RELEASE]
	at org.springframework.test.context.support.AbstractDelegatingSmartContextLoader.loadContext(AbstractDelegatingSmartContextLoader.java:261) [spring-test-4.2.4.RELEASE.jar:4.2.4.RELEASE]
	at org.springframework.test.context.cache.DefaultCacheAwareContextLoaderDelegate.loadContextInternal(DefaultCacheAwareContextLoaderDelegate.java:98) [spring-test-4.2.4.RELEASE.jar:4.2.4.RELEASE]
	at org.springframework.test.context.cache.DefaultCacheAwareContextLoaderDelegate.loadContext(DefaultCacheAwareContextLoaderDelegate.java:116) [spring-test-4.2.4.RELEASE.jar:4.2.4.RELEASE]
	at org.springframework.test.context.support.DefaultTestContext.getApplicationContext(DefaultTestContext.java:83) [spring-test-4.2.4.RELEASE.jar:4.2.4.RELEASE]
	at org.springframework.test.context.support.DependencyInjectionTestExecutionListener.injectDependencies(DependencyInjectionTestExecutionListener.java:117) [spring-test-4.2.4.RELEASE.jar:4.2.4.RELEASE]
	at org.springframework.test.context.support.DependencyInjectionTestExecutionListener.prepareTestInstance(DependencyInjectionTestExecutionListener.java:83) [spring-test-4.2.4.RELEASE.jar:4.2.4.RELEASE]
	at org.springframework.test.context.TestContextManager.prepareTestInstance(TestContextManager.java:228) [spring-test-4.2.4.RELEASE.jar:4.2.4.RELEASE]
	at org.springframework.test.context.junit4.SpringJUnit4ClassRunner.createTest(SpringJUnit4ClassRunner.java:230) [spring-test-4.2.4.RELEASE.jar:4.2.4.RELEASE]
	at org.springframework.test.context.junit4.SpringJUnit4ClassRunner$1.runReflectiveCall(SpringJUnit4ClassRunner.java:289) [spring-test-4.2.4.RELEASE.jar:4.2.4.RELEASE]
	at org.junit.internal.runners.model.ReflectiveCallable.run(ReflectiveCallable.java:12) [junit-4.12.jar:4.12]
	at org.springframework.test.context.junit4.SpringJUnit4ClassRunner.methodBlock(SpringJUnit4ClassRunner.java:291) [spring-test-4.2.4.RELEASE.jar:4.2.4.RELEASE]
	at org.springframework.test.context.junit4.SpringJUnit4ClassRunner.runChild(SpringJUnit4ClassRunner.java:249) [spring-test-4.2.4.RELEASE.jar:4.2.4.RELEASE]
	at org.springframework.test.context.junit4.SpringJUnit4ClassRunner.runChild(SpringJUnit4ClassRunner.java:89) [spring-test-4.2.4.RELEASE.jar:4.2.4.RELEASE]
	at org.junit.runners.ParentRunner$3.run(ParentRunner.java:290) [junit-4.12.jar:4.12]
	at org.junit.runners.ParentRunner$1.schedule(ParentRunner.java:71) [junit-4.12.jar:4.12]
	at org.junit.runners.ParentRunner.runChildren(ParentRunner.java:288) [junit-4.12.jar:4.12]
	at org.junit.runners.ParentRunner.access$000(ParentRunner.java:58) [junit-4.12.jar:4.12]
	at org.junit.runners.ParentRunner$2.evaluate(ParentRunner.java:268) [junit-4.12.jar:4.12]
	at org.springframework.test.context.junit4.statements.RunBeforeTestClassCallbacks.evaluate(RunBeforeTestClassCallbacks.java:61) [spring-test-4.2.4.RELEASE.jar:4.2.4.RELEASE]
	at org.springframework.test.context.junit4.statements.RunAfterTestClassCallbacks.evaluate(RunAfterTestClassCallbacks.java:70) [spring-test-4.2.4.RELEASE.jar:4.2.4.RELEASE]
	at org.junit.runners.ParentRunner.run(ParentRunner.java:363) [junit-4.12.jar:4.12]
	at org.springframework.test.context.junit4.SpringJUnit4ClassRunner.run(SpringJUnit4ClassRunner.java:193) [spring-test-4.2.4.RELEASE.jar:4.2.4.RELEASE]
	at org.gradle.api.internal.tasks.testing.junit.JUnitTestClassExecuter.runTestClass(JUnitTestClassExecuter.java:105) [gradle-plugins-2.10.jar:2.10]
	at org.gradle.api.internal.tasks.testing.junit.JUnitTestClassExecuter.execute(JUnitTestClassExecuter.java:56) [gradle-plugins-2.10.jar:2.10]
	at org.gradle.api.internal.tasks.testing.junit.JUnitTestClassProcessor.processTestClass(JUnitTestClassProcessor.java:64) [gradle-plugins-2.10.jar:2.10]
	at org.gradle.api.internal.tasks.testing.SuiteTestClassProcessor.processTestClass(SuiteTestClassProcessor.java:50) [gradle-plugins-2.10.jar:2.10]
	at sun.reflect.NativeMethodAccessorImpl.invoke0(Native Method) ~[na:1.8.0_66]
	at sun.reflect.NativeMethodAccessorImpl.invoke(NativeMethodAccessorImpl.java:62) ~[na:1.8.0_66]
	at sun.reflect.DelegatingMethodAccessorImpl.invoke(DelegatingMethodAccessorImpl.java:43) ~[na:1.8.0_66]
	at java.lang.reflect.Method.invoke(Method.java:497) ~[na:1.8.0_66]
	at org.gradle.messaging.dispatch.ReflectionDispatch.dispatch(ReflectionDispatch.java:35) [gradle-messaging-2.10.jar:2.10]
	at org.gradle.messaging.dispatch.ReflectionDispatch.dispatch(ReflectionDispatch.java:24) [gradle-messaging-2.10.jar:2.10]
	at org.gradle.messaging.dispatch.ContextClassLoaderDispatch.dispatch(ContextClassLoaderDispatch.java:32) [gradle-messaging-2.10.jar:2.10]
	at org.gradle.messaging.dispatch.ProxyDispatchAdapter$DispatchingInvocationHandler.invoke(ProxyDispatchAdapter.java:93) [gradle-messaging-2.10.jar:2.10]
	at com.sun.proxy.$Proxy2.processTestClass(Unknown Source) [na:na]
	at org.gradle.api.internal.tasks.testing.worker.TestWorker.processTestClass(TestWorker.java:106) [gradle-plugins-2.10.jar:2.10]
	at sun.reflect.NativeMethodAccessorImpl.invoke0(Native Method) ~[na:1.8.0_66]
	at sun.reflect.NativeMethodAccessorImpl.invoke(NativeMethodAccessorImpl.java:62) ~[na:1.8.0_66]
	at sun.reflect.DelegatingMethodAccessorImpl.invoke(DelegatingMethodAccessorImpl.java:43) ~[na:1.8.0_66]
	at java.lang.reflect.Method.invoke(Method.java:497) ~[na:1.8.0_66]
	at org.gradle.messaging.dispatch.ReflectionDispatch.dispatch(ReflectionDispatch.java:35) [gradle-messaging-2.10.jar:2.10]
	at org.gradle.messaging.dispatch.ReflectionDispatch.dispatch(ReflectionDispatch.java:24) [gradle-messaging-2.10.jar:2.10]
	at org.gradle.messaging.remote.internal.hub.MessageHub$Handler.run(MessageHub.java:360) [gradle-messaging-2.10.jar:2.10]
	at org.gradle.internal.concurrent.ExecutorPolicy$CatchAndRecordFailures.onExecute(ExecutorPolicy.java:54) [gradle-base-services-2.10.jar:2.10]
	at org.gradle.internal.concurrent.StoppableExecutorImpl$1.run(StoppableExecutorImpl.java:40) [gradle-base-services-2.10.jar:2.10]
	at java.util.concurrent.ThreadPoolExecutor.runWorker(ThreadPoolExecutor.java:1142) [na:1.8.0_66]
	at java.util.concurrent.ThreadPoolExecutor$Worker.run(ThreadPoolExecutor.java:617) [na:1.8.0_66]
	at java.lang.Thread.run(Thread.java:745) [na:1.8.0_66]
Caused by: org.h2.jdbc.JdbcSQLException: Schemat "JPA" nie istnieje
Schema "JPA" not found; SQL statement:

    create table JPA.PROJECT_EMPLOYEE (
        EMPLOYEES_ID bigint not null,
        PROJECTS_ID bigint not null
    ) [90079-191]
	at org.h2.message.DbException.getJdbcSQLException(DbException.java:345) ~[h2-1.4.191.jar:1.4.191]
	at org.h2.message.DbException.get(DbException.java:179) ~[h2-1.4.191.jar:1.4.191]
	at org.h2.message.DbException.get(DbException.java:155) ~[h2-1.4.191.jar:1.4.191]
	at org.h2.command.Parser.getSchema(Parser.java:666) ~[h2-1.4.191.jar:1.4.191]
	at org.h2.command.Parser.getSchema(Parser.java:673) ~[h2-1.4.191.jar:1.4.191]
	at org.h2.command.Parser.parseCreateTable(Parser.java:5847) ~[h2-1.4.191.jar:1.4.191]
	at org.h2.command.Parser.parseCreate(Parser.java:4217) ~[h2-1.4.191.jar:1.4.191]
	at org.h2.command.Parser.parsePrepared(Parser.java:360) ~[h2-1.4.191.jar:1.4.191]
	at org.h2.command.Parser.parse(Parser.java:315) ~[h2-1.4.191.jar:1.4.191]
	at org.h2.command.Parser.parse(Parser.java:287) ~[h2-1.4.191.jar:1.4.191]
	at org.h2.command.Parser.prepareCommand(Parser.java:252) ~[h2-1.4.191.jar:1.4.191]
	at org.h2.engine.Session.prepareLocal(Session.java:560) ~[h2-1.4.191.jar:1.4.191]
	at org.h2.engine.Session.prepareCommand(Session.java:501) ~[h2-1.4.191.jar:1.4.191]
	at org.h2.jdbc.JdbcConnection.prepareCommand(JdbcConnection.java:1188) ~[h2-1.4.191.jar:1.4.191]
	at org.h2.jdbc.JdbcStatement.executeInternal(JdbcStatement.java:170) ~[h2-1.4.191.jar:1.4.191]
	at org.h2.jdbc.JdbcStatement.execute(JdbcStatement.java:158) ~[h2-1.4.191.jar:1.4.191]
	at org.hibernate.tool.schema.internal.exec.GenerationTargetToDatabase.accept(GenerationTargetToDatabase.java:51) ~[hibernate-core-5.1.0.Final.jar:5.1.0.Final]
	... 76 common frames omitted
[INFO] 2016-05-06 09:57:10.802 [Test worker] o.h.t.s.e.i.InformationExtractorJdbcDatabaseMetaDataImpl - [requestID: ] HHH000262: Table not found: PROJECT_EMPLOYEE
[INFO] 2016-05-06 09:57:10.806 [Test worker] o.h.t.s.e.i.InformationExtractorJdbcDatabaseMetaDataImpl - [requestID: ] HHH000262: Table not found: ADDRESS
[INFO] 2016-05-06 09:57:10.809 [Test worker] o.h.t.s.e.i.InformationExtractorJdbcDatabaseMetaDataImpl - [requestID: ] HHH000262: Table not found: ADDRESS
[INFO] 2016-05-06 09:57:10.830 [Test worker] o.h.t.s.e.i.InformationExtractorJdbcDatabaseMetaDataImpl - [requestID: ] HHH000262: Table not found: Cart
[INFO] 2016-05-06 09:57:10.833 [Test worker] o.h.t.s.e.i.InformationExtractorJdbcDatabaseMetaDataImpl - [requestID: ] HHH000262: Table not found: Cart
[INFO] 2016-05-06 09:57:10.839 [Test worker] o.h.t.s.e.i.InformationExtractorJdbcDatabaseMetaDataImpl - [requestID: ] HHH000262: Table not found: Company
[INFO] 2016-05-06 09:57:10.840 [Test worker] o.h.t.s.e.i.InformationExtractorJdbcDatabaseMetaDataImpl - [requestID: ] HHH000262: Table not found: Company
[INFO] 2016-05-06 09:57:10.845 [Test worker] o.h.t.s.e.i.InformationExtractorJdbcDatabaseMetaDataImpl - [requestID: ] HHH000262: Table not found: Company_Department
[INFO] 2016-05-06 09:57:10.847 [Test worker] o.h.t.s.e.i.InformationExtractorJdbcDatabaseMetaDataImpl - [requestID: ] HHH000262: Table not found: Company_Department
[INFO] 2016-05-06 09:57:10.850 [Test worker] o.h.t.s.e.i.InformationExtractorJdbcDatabaseMetaDataImpl - [requestID: ] HHH000262: Table not found: DEPARTMENT
[INFO] 2016-05-06 09:57:10.852 [Test worker] o.h.t.s.e.i.InformationExtractorJdbcDatabaseMetaDataImpl - [requestID: ] HHH000262: Table not found: DEPARTMENT
[INFO] 2016-05-06 09:57:10.859 [Test worker] o.h.t.s.e.i.InformationExtractorJdbcDatabaseMetaDataImpl - [requestID: ] HHH000262: Table not found: EMPLOYEE
[INFO] 2016-05-06 09:57:10.862 [Test worker] o.h.t.s.e.i.InformationExtractorJdbcDatabaseMetaDataImpl - [requestID: ] HHH000262: Table not found: EMPLOYEE
[INFO] 2016-05-06 09:57:10.873 [Test worker] o.h.t.s.e.i.InformationExtractorJdbcDatabaseMetaDataImpl - [requestID: ] HHH000262: Table not found: Person
[INFO] 2016-05-06 09:57:10.875 [Test worker] o.h.t.s.e.i.InformationExtractorJdbcDatabaseMetaDataImpl - [requestID: ] HHH000262: Table not found: Person
[INFO] 2016-05-06 09:57:10.879 [Test worker] o.h.t.s.e.i.InformationExtractorJdbcDatabaseMetaDataImpl - [requestID: ] HHH000262: Table not found: PHONE
[INFO] 2016-05-06 09:57:10.882 [Test worker] o.h.t.s.e.i.InformationExtractorJdbcDatabaseMetaDataImpl - [requestID: ] HHH000262: Table not found: PHONE
[INFO] 2016-05-06 09:57:10.887 [Test worker] o.h.t.s.e.i.InformationExtractorJdbcDatabaseMetaDataImpl - [requestID: ] HHH000262: Table not found: PROJECT
[INFO] 2016-05-06 09:57:10.890 [Test worker] o.h.t.s.e.i.InformationExtractorJdbcDatabaseMetaDataImpl - [requestID: ] HHH000262: Table not found: PROJECT
[INFO] 2016-05-06 09:57:10.895 [Test worker] o.h.t.s.e.i.InformationExtractorJdbcDatabaseMetaDataImpl - [requestID: ] HHH000262: Table not found: SimpleProduct
[INFO] 2016-05-06 09:57:10.897 [Test worker] o.h.t.s.e.i.InformationExtractorJdbcDatabaseMetaDataImpl - [requestID: ] HHH000262: Table not found: SimpleProduct
[INFO] 2016-05-06 09:57:10.900 [Test worker] o.h.t.s.e.i.InformationExtractorJdbcDatabaseMetaDataImpl - [requestID: ] HHH000262: Table not found: Todo
[INFO] 2016-05-06 09:57:10.902 [Test worker] o.h.t.s.e.i.InformationExtractorJdbcDatabaseMetaDataImpl - [requestID: ] HHH000262: Table not found: Todo
[INFO] 2016-05-06 09:57:10.939 [Test worker] o.h.t.s.e.i.InformationExtractorJdbcDatabaseMetaDataImpl - [requestID: ] HHH000262: Table not found: PROJECT_EMPLOYEE
[WARN] 2016-05-06 09:57:10.943 [Test worker] o.h.t.s.i.ExceptionHandlerLoggedImpl - [requestID: ] GenerationTarget encountered exception accepting command : Unable to execute command [
    alter table JPA.PROJECT_EMPLOYEE 
        add constraint FK7xrcwi488vs720ibhdhawpuyy 
        foreign key (PROJECTS_ID) 
        references EMPLOYEE]
org.hibernate.tool.schema.spi.CommandAcceptanceException: Unable to execute command [
    alter table JPA.PROJECT_EMPLOYEE 
        add constraint FK7xrcwi488vs720ibhdhawpuyy 
        foreign key (PROJECTS_ID) 
        references EMPLOYEE]
	at org.hibernate.tool.schema.internal.exec.GenerationTargetToDatabase.accept(GenerationTargetToDatabase.java:63) ~[hibernate-core-5.1.0.Final.jar:5.1.0.Final]
	at org.hibernate.tool.schema.internal.SchemaMigratorImpl.applySqlString(SchemaMigratorImpl.java:567) [hibernate-core-5.1.0.Final.jar:5.1.0.Final]
	at org.hibernate.tool.schema.internal.SchemaMigratorImpl.applySqlStrings(SchemaMigratorImpl.java:551) [hibernate-core-5.1.0.Final.jar:5.1.0.Final]
	at org.hibernate.tool.schema.internal.SchemaMigratorImpl.applyForeignKeys(SchemaMigratorImpl.java:510) [hibernate-core-5.1.0.Final.jar:5.1.0.Final]
	at org.hibernate.tool.schema.internal.SchemaMigratorImpl.performMigration(SchemaMigratorImpl.java:309) [hibernate-core-5.1.0.Final.jar:5.1.0.Final]
	at org.hibernate.tool.schema.internal.SchemaMigratorImpl.doMigration(SchemaMigratorImpl.java:137) [hibernate-core-5.1.0.Final.jar:5.1.0.Final]
	at org.hibernate.tool.schema.internal.SchemaMigratorImpl.doMigration(SchemaMigratorImpl.java:110) [hibernate-core-5.1.0.Final.jar:5.1.0.Final]
	at org.hibernate.tool.schema.spi.SchemaManagementToolCoordinator.performDatabaseAction(SchemaManagementToolCoordinator.java:176) [hibernate-core-5.1.0.Final.jar:5.1.0.Final]
	at org.hibernate.tool.schema.spi.SchemaManagementToolCoordinator.process(SchemaManagementToolCoordinator.java:64) [hibernate-core-5.1.0.Final.jar:5.1.0.Final]
	at org.hibernate.internal.SessionFactoryImpl.<init>(SessionFactoryImpl.java:458) [hibernate-core-5.1.0.Final.jar:5.1.0.Final]
	at org.hibernate.boot.internal.SessionFactoryBuilderImpl.build(SessionFactoryBuilderImpl.java:465) [hibernate-core-5.1.0.Final.jar:5.1.0.Final]
	at org.hibernate.jpa.boot.internal.EntityManagerFactoryBuilderImpl.build(EntityManagerFactoryBuilderImpl.java:881) [hibernate-entitymanager-5.1.0.Final.jar:5.1.0.Final]
	at org.springframework.orm.jpa.vendor.SpringHibernateJpaPersistenceProvider.createContainerEntityManagerFactory(SpringHibernateJpaPersistenceProvider.java:60) [spring-orm-4.2.4.RELEASE.jar:4.2.4.RELEASE]
	at org.springframework.orm.jpa.LocalContainerEntityManagerFactoryBean.createNativeEntityManagerFactory(LocalContainerEntityManagerFactoryBean.java:343) [spring-orm-4.2.4.RELEASE.jar:4.2.4.RELEASE]
	at org.springframework.orm.jpa.AbstractEntityManagerFactoryBean.afterPropertiesSet(AbstractEntityManagerFactoryBean.java:318) [spring-orm-4.2.4.RELEASE.jar:4.2.4.RELEASE]
	at org.springframework.beans.factory.support.AbstractAutowireCapableBeanFactory.invokeInitMethods(AbstractAutowireCapableBeanFactory.java:1637) [spring-beans-4.2.4.RELEASE.jar:4.2.4.RELEASE]
	at org.springframework.beans.factory.support.AbstractAutowireCapableBeanFactory.initializeBean(AbstractAutowireCapableBeanFactory.java:1574) [spring-beans-4.2.4.RELEASE.jar:4.2.4.RELEASE]
	at org.springframework.beans.factory.support.AbstractAutowireCapableBeanFactory.doCreateBean(AbstractAutowireCapableBeanFactory.java:545) [spring-beans-4.2.4.RELEASE.jar:4.2.4.RELEASE]
	at org.springframework.beans.factory.support.AbstractAutowireCapableBeanFactory.createBean(AbstractAutowireCapableBeanFactory.java:482) [spring-beans-4.2.4.RELEASE.jar:4.2.4.RELEASE]
	at org.springframework.beans.factory.support.AbstractBeanFactory$1.getObject(AbstractBeanFactory.java:306) [spring-beans-4.2.4.RELEASE.jar:4.2.4.RELEASE]
	at org.springframework.beans.factory.support.DefaultSingletonBeanRegistry.getSingleton(DefaultSingletonBeanRegistry.java:230) [spring-beans-4.2.4.RELEASE.jar:4.2.4.RELEASE]
	at org.springframework.beans.factory.support.AbstractBeanFactory.doGetBean(AbstractBeanFactory.java:302) [spring-beans-4.2.4.RELEASE.jar:4.2.4.RELEASE]
	at org.springframework.beans.factory.support.AbstractBeanFactory.getBean(AbstractBeanFactory.java:197) [spring-beans-4.2.4.RELEASE.jar:4.2.4.RELEASE]
	at org.springframework.context.support.AbstractApplicationContext.getBean(AbstractApplicationContext.java:1054) [spring-context-4.2.4.RELEASE.jar:4.2.4.RELEASE]
	at org.springframework.context.support.AbstractApplicationContext.finishBeanFactoryInitialization(AbstractApplicationContext.java:829) [spring-context-4.2.4.RELEASE.jar:4.2.4.RELEASE]
	at org.springframework.context.support.AbstractApplicationContext.refresh(AbstractApplicationContext.java:538) [spring-context-4.2.4.RELEASE.jar:4.2.4.RELEASE]
	at org.springframework.test.context.support.AbstractGenericContextLoader.loadContext(AbstractGenericContextLoader.java:125) [spring-test-4.2.4.RELEASE.jar:4.2.4.RELEASE]
	at org.springframework.test.context.support.AbstractGenericContextLoader.loadContext(AbstractGenericContextLoader.java:60) [spring-test-4.2.4.RELEASE.jar:4.2.4.RELEASE]
	at org.springframework.test.context.support.AbstractDelegatingSmartContextLoader.delegateLoading(AbstractDelegatingSmartContextLoader.java:109) [spring-test-4.2.4.RELEASE.jar:4.2.4.RELEASE]
	at org.springframework.test.context.support.AbstractDelegatingSmartContextLoader.loadContext(AbstractDelegatingSmartContextLoader.java:261) [spring-test-4.2.4.RELEASE.jar:4.2.4.RELEASE]
	at org.springframework.test.context.cache.DefaultCacheAwareContextLoaderDelegate.loadContextInternal(DefaultCacheAwareContextLoaderDelegate.java:98) [spring-test-4.2.4.RELEASE.jar:4.2.4.RELEASE]
	at org.springframework.test.context.cache.DefaultCacheAwareContextLoaderDelegate.loadContext(DefaultCacheAwareContextLoaderDelegate.java:116) [spring-test-4.2.4.RELEASE.jar:4.2.4.RELEASE]
	at org.springframework.test.context.support.DefaultTestContext.getApplicationContext(DefaultTestContext.java:83) [spring-test-4.2.4.RELEASE.jar:4.2.4.RELEASE]
	at org.springframework.test.context.support.DependencyInjectionTestExecutionListener.injectDependencies(DependencyInjectionTestExecutionListener.java:117) [spring-test-4.2.4.RELEASE.jar:4.2.4.RELEASE]
	at org.springframework.test.context.support.DependencyInjectionTestExecutionListener.prepareTestInstance(DependencyInjectionTestExecutionListener.java:83) [spring-test-4.2.4.RELEASE.jar:4.2.4.RELEASE]
	at org.springframework.test.context.TestContextManager.prepareTestInstance(TestContextManager.java:228) [spring-test-4.2.4.RELEASE.jar:4.2.4.RELEASE]
	at org.springframework.test.context.junit4.SpringJUnit4ClassRunner.createTest(SpringJUnit4ClassRunner.java:230) [spring-test-4.2.4.RELEASE.jar:4.2.4.RELEASE]
	at org.springframework.test.context.junit4.SpringJUnit4ClassRunner$1.runReflectiveCall(SpringJUnit4ClassRunner.java:289) [spring-test-4.2.4.RELEASE.jar:4.2.4.RELEASE]
	at org.junit.internal.runners.model.ReflectiveCallable.run(ReflectiveCallable.java:12) [junit-4.12.jar:4.12]
	at org.springframework.test.context.junit4.SpringJUnit4ClassRunner.methodBlock(SpringJUnit4ClassRunner.java:291) [spring-test-4.2.4.RELEASE.jar:4.2.4.RELEASE]
	at org.springframework.test.context.junit4.SpringJUnit4ClassRunner.runChild(SpringJUnit4ClassRunner.java:249) [spring-test-4.2.4.RELEASE.jar:4.2.4.RELEASE]
	at org.springframework.test.context.junit4.SpringJUnit4ClassRunner.runChild(SpringJUnit4ClassRunner.java:89) [spring-test-4.2.4.RELEASE.jar:4.2.4.RELEASE]
	at org.junit.runners.ParentRunner$3.run(ParentRunner.java:290) [junit-4.12.jar:4.12]
	at org.junit.runners.ParentRunner$1.schedule(ParentRunner.java:71) [junit-4.12.jar:4.12]
	at org.junit.runners.ParentRunner.runChildren(ParentRunner.java:288) [junit-4.12.jar:4.12]
	at org.junit.runners.ParentRunner.access$000(ParentRunner.java:58) [junit-4.12.jar:4.12]
	at org.junit.runners.ParentRunner$2.evaluate(ParentRunner.java:268) [junit-4.12.jar:4.12]
	at org.springframework.test.context.junit4.statements.RunBeforeTestClassCallbacks.evaluate(RunBeforeTestClassCallbacks.java:61) [spring-test-4.2.4.RELEASE.jar:4.2.4.RELEASE]
	at org.springframework.test.context.junit4.statements.RunAfterTestClassCallbacks.evaluate(RunAfterTestClassCallbacks.java:70) [spring-test-4.2.4.RELEASE.jar:4.2.4.RELEASE]
	at org.junit.runners.ParentRunner.run(ParentRunner.java:363) [junit-4.12.jar:4.12]
	at org.springframework.test.context.junit4.SpringJUnit4ClassRunner.run(SpringJUnit4ClassRunner.java:193) [spring-test-4.2.4.RELEASE.jar:4.2.4.RELEASE]
	at org.gradle.api.internal.tasks.testing.junit.JUnitTestClassExecuter.runTestClass(JUnitTestClassExecuter.java:105) [gradle-plugins-2.10.jar:2.10]
	at org.gradle.api.internal.tasks.testing.junit.JUnitTestClassExecuter.execute(JUnitTestClassExecuter.java:56) [gradle-plugins-2.10.jar:2.10]
	at org.gradle.api.internal.tasks.testing.junit.JUnitTestClassProcessor.processTestClass(JUnitTestClassProcessor.java:64) [gradle-plugins-2.10.jar:2.10]
	at org.gradle.api.internal.tasks.testing.SuiteTestClassProcessor.processTestClass(SuiteTestClassProcessor.java:50) [gradle-plugins-2.10.jar:2.10]
	at sun.reflect.NativeMethodAccessorImpl.invoke0(Native Method) ~[na:1.8.0_66]
	at sun.reflect.NativeMethodAccessorImpl.invoke(NativeMethodAccessorImpl.java:62) ~[na:1.8.0_66]
	at sun.reflect.DelegatingMethodAccessorImpl.invoke(DelegatingMethodAccessorImpl.java:43) ~[na:1.8.0_66]
	at java.lang.reflect.Method.invoke(Method.java:497) ~[na:1.8.0_66]
	at org.gradle.messaging.dispatch.ReflectionDispatch.dispatch(ReflectionDispatch.java:35) [gradle-messaging-2.10.jar:2.10]
	at org.gradle.messaging.dispatch.ReflectionDispatch.dispatch(ReflectionDispatch.java:24) [gradle-messaging-2.10.jar:2.10]
	at org.gradle.messaging.dispatch.ContextClassLoaderDispatch.dispatch(ContextClassLoaderDispatch.java:32) [gradle-messaging-2.10.jar:2.10]
	at org.gradle.messaging.dispatch.ProxyDispatchAdapter$DispatchingInvocationHandler.invoke(ProxyDispatchAdapter.java:93) [gradle-messaging-2.10.jar:2.10]
	at com.sun.proxy.$Proxy2.processTestClass(Unknown Source) [na:na]
	at org.gradle.api.internal.tasks.testing.worker.TestWorker.processTestClass(TestWorker.java:106) [gradle-plugins-2.10.jar:2.10]
	at sun.reflect.NativeMethodAccessorImpl.invoke0(Native Method) ~[na:1.8.0_66]
	at sun.reflect.NativeMethodAccessorImpl.invoke(NativeMethodAccessorImpl.java:62) ~[na:1.8.0_66]
	at sun.reflect.DelegatingMethodAccessorImpl.invoke(DelegatingMethodAccessorImpl.java:43) ~[na:1.8.0_66]
	at java.lang.reflect.Method.invoke(Method.java:497) ~[na:1.8.0_66]
	at org.gradle.messaging.dispatch.ReflectionDispatch.dispatch(ReflectionDispatch.java:35) [gradle-messaging-2.10.jar:2.10]
	at org.gradle.messaging.dispatch.ReflectionDispatch.dispatch(ReflectionDispatch.java:24) [gradle-messaging-2.10.jar:2.10]
	at org.gradle.messaging.remote.internal.hub.MessageHub$Handler.run(MessageHub.java:360) [gradle-messaging-2.10.jar:2.10]
	at org.gradle.internal.concurrent.ExecutorPolicy$CatchAndRecordFailures.onExecute(ExecutorPolicy.java:54) [gradle-base-services-2.10.jar:2.10]
	at org.gradle.internal.concurrent.StoppableExecutorImpl$1.run(StoppableExecutorImpl.java:40) [gradle-base-services-2.10.jar:2.10]
	at java.util.concurrent.ThreadPoolExecutor.runWorker(ThreadPoolExecutor.java:1142) [na:1.8.0_66]
	at java.util.concurrent.ThreadPoolExecutor$Worker.run(ThreadPoolExecutor.java:617) [na:1.8.0_66]
	at java.lang.Thread.run(Thread.java:745) [na:1.8.0_66]
Caused by: org.h2.jdbc.JdbcSQLException: Schemat "JPA" nie istnieje
Schema "JPA" not found; SQL statement:

    alter table JPA.PROJECT_EMPLOYEE 
        add constraint FK7xrcwi488vs720ibhdhawpuyy 
        foreign key (PROJECTS_ID) 
        references EMPLOYEE [90079-191]
	at org.h2.message.DbException.getJdbcSQLException(DbException.java:345) ~[h2-1.4.191.jar:1.4.191]
	at org.h2.message.DbException.get(DbException.java:179) ~[h2-1.4.191.jar:1.4.191]
	at org.h2.message.DbException.get(DbException.java:155) ~[h2-1.4.191.jar:1.4.191]
	at org.h2.command.Parser.getSchema(Parser.java:666) ~[h2-1.4.191.jar:1.4.191]
	at org.h2.command.Parser.getSchema(Parser.java:673) ~[h2-1.4.191.jar:1.4.191]
	at org.h2.command.Parser.readTableOrView(Parser.java:5332) ~[h2-1.4.191.jar:1.4.191]
	at org.h2.command.Parser.readTableOrView(Parser.java:5326) ~[h2-1.4.191.jar:1.4.191]
	at org.h2.command.Parser.parseAlterTable(Parser.java:5403) ~[h2-1.4.191.jar:1.4.191]
	at org.h2.command.Parser.parseAlter(Parser.java:4818) ~[h2-1.4.191.jar:1.4.191]
	at org.h2.command.Parser.parsePrepared(Parser.java:342) ~[h2-1.4.191.jar:1.4.191]
	at org.h2.command.Parser.parse(Parser.java:315) ~[h2-1.4.191.jar:1.4.191]
	at org.h2.command.Parser.parse(Parser.java:287) ~[h2-1.4.191.jar:1.4.191]
	at org.h2.command.Parser.prepareCommand(Parser.java:252) ~[h2-1.4.191.jar:1.4.191]
	at org.h2.engine.Session.prepareLocal(Session.java:560) ~[h2-1.4.191.jar:1.4.191]
	at org.h2.engine.Session.prepareCommand(Session.java:501) ~[h2-1.4.191.jar:1.4.191]
	at org.h2.jdbc.JdbcConnection.prepareCommand(JdbcConnection.java:1188) ~[h2-1.4.191.jar:1.4.191]
	at org.h2.jdbc.JdbcStatement.executeInternal(JdbcStatement.java:170) ~[h2-1.4.191.jar:1.4.191]
	at org.h2.jdbc.JdbcStatement.execute(JdbcStatement.java:158) ~[h2-1.4.191.jar:1.4.191]
	at org.hibernate.tool.schema.internal.exec.GenerationTargetToDatabase.accept(GenerationTargetToDatabase.java:51) ~[hibernate-core-5.1.0.Final.jar:5.1.0.Final]
	... 76 common frames omitted
[WARN] 2016-05-06 09:57:10.950 [Test worker] o.h.t.s.i.ExceptionHandlerLoggedImpl - [requestID: ] GenerationTarget encountered exception accepting command : Unable to execute command [
    alter table JPA.PROJECT_EMPLOYEE 
        add constraint FK88081oxhrl9xx8v5sedh9fbhx 
        foreign key (EMPLOYEES_ID) 
        references PROJECT]
org.hibernate.tool.schema.spi.CommandAcceptanceException: Unable to execute command [
    alter table JPA.PROJECT_EMPLOYEE 
        add constraint FK88081oxhrl9xx8v5sedh9fbhx 
        foreign key (EMPLOYEES_ID) 
        references PROJECT]
	at org.hibernate.tool.schema.internal.exec.GenerationTargetToDatabase.accept(GenerationTargetToDatabase.java:63) ~[hibernate-core-5.1.0.Final.jar:5.1.0.Final]
	at org.hibernate.tool.schema.internal.SchemaMigratorImpl.applySqlString(SchemaMigratorImpl.java:567) [hibernate-core-5.1.0.Final.jar:5.1.0.Final]
	at org.hibernate.tool.schema.internal.SchemaMigratorImpl.applySqlStrings(SchemaMigratorImpl.java:551) [hibernate-core-5.1.0.Final.jar:5.1.0.Final]
	at org.hibernate.tool.schema.internal.SchemaMigratorImpl.applyForeignKeys(SchemaMigratorImpl.java:510) [hibernate-core-5.1.0.Final.jar:5.1.0.Final]
	at org.hibernate.tool.schema.internal.SchemaMigratorImpl.performMigration(SchemaMigratorImpl.java:309) [hibernate-core-5.1.0.Final.jar:5.1.0.Final]
	at org.hibernate.tool.schema.internal.SchemaMigratorImpl.doMigration(SchemaMigratorImpl.java:137) [hibernate-core-5.1.0.Final.jar:5.1.0.Final]
	at org.hibernate.tool.schema.internal.SchemaMigratorImpl.doMigration(SchemaMigratorImpl.java:110) [hibernate-core-5.1.0.Final.jar:5.1.0.Final]
	at org.hibernate.tool.schema.spi.SchemaManagementToolCoordinator.performDatabaseAction(SchemaManagementToolCoordinator.java:176) [hibernate-core-5.1.0.Final.jar:5.1.0.Final]
	at org.hibernate.tool.schema.spi.SchemaManagementToolCoordinator.process(SchemaManagementToolCoordinator.java:64) [hibernate-core-5.1.0.Final.jar:5.1.0.Final]
	at org.hibernate.internal.SessionFactoryImpl.<init>(SessionFactoryImpl.java:458) [hibernate-core-5.1.0.Final.jar:5.1.0.Final]
	at org.hibernate.boot.internal.SessionFactoryBuilderImpl.build(SessionFactoryBuilderImpl.java:465) [hibernate-core-5.1.0.Final.jar:5.1.0.Final]
	at org.hibernate.jpa.boot.internal.EntityManagerFactoryBuilderImpl.build(EntityManagerFactoryBuilderImpl.java:881) [hibernate-entitymanager-5.1.0.Final.jar:5.1.0.Final]
	at org.springframework.orm.jpa.vendor.SpringHibernateJpaPersistenceProvider.createContainerEntityManagerFactory(SpringHibernateJpaPersistenceProvider.java:60) [spring-orm-4.2.4.RELEASE.jar:4.2.4.RELEASE]
	at org.springframework.orm.jpa.LocalContainerEntityManagerFactoryBean.createNativeEntityManagerFactory(LocalContainerEntityManagerFactoryBean.java:343) [spring-orm-4.2.4.RELEASE.jar:4.2.4.RELEASE]
	at org.springframework.orm.jpa.AbstractEntityManagerFactoryBean.afterPropertiesSet(AbstractEntityManagerFactoryBean.java:318) [spring-orm-4.2.4.RELEASE.jar:4.2.4.RELEASE]
	at org.springframework.beans.factory.support.AbstractAutowireCapableBeanFactory.invokeInitMethods(AbstractAutowireCapableBeanFactory.java:1637) [spring-beans-4.2.4.RELEASE.jar:4.2.4.RELEASE]
	at org.springframework.beans.factory.support.AbstractAutowireCapableBeanFactory.initializeBean(AbstractAutowireCapableBeanFactory.java:1574) [spring-beans-4.2.4.RELEASE.jar:4.2.4.RELEASE]
	at org.springframework.beans.factory.support.AbstractAutowireCapableBeanFactory.doCreateBean(AbstractAutowireCapableBeanFactory.java:545) [spring-beans-4.2.4.RELEASE.jar:4.2.4.RELEASE]
	at org.springframework.beans.factory.support.AbstractAutowireCapableBeanFactory.createBean(AbstractAutowireCapableBeanFactory.java:482) [spring-beans-4.2.4.RELEASE.jar:4.2.4.RELEASE]
	at org.springframework.beans.factory.support.AbstractBeanFactory$1.getObject(AbstractBeanFactory.java:306) [spring-beans-4.2.4.RELEASE.jar:4.2.4.RELEASE]
	at org.springframework.beans.factory.support.DefaultSingletonBeanRegistry.getSingleton(DefaultSingletonBeanRegistry.java:230) [spring-beans-4.2.4.RELEASE.jar:4.2.4.RELEASE]
	at org.springframework.beans.factory.support.AbstractBeanFactory.doGetBean(AbstractBeanFactory.java:302) [spring-beans-4.2.4.RELEASE.jar:4.2.4.RELEASE]
	at org.springframework.beans.factory.support.AbstractBeanFactory.getBean(AbstractBeanFactory.java:197) [spring-beans-4.2.4.RELEASE.jar:4.2.4.RELEASE]
	at org.springframework.context.support.AbstractApplicationContext.getBean(AbstractApplicationContext.java:1054) [spring-context-4.2.4.RELEASE.jar:4.2.4.RELEASE]
	at org.springframework.context.support.AbstractApplicationContext.finishBeanFactoryInitialization(AbstractApplicationContext.java:829) [spring-context-4.2.4.RELEASE.jar:4.2.4.RELEASE]
	at org.springframework.context.support.AbstractApplicationContext.refresh(AbstractApplicationContext.java:538) [spring-context-4.2.4.RELEASE.jar:4.2.4.RELEASE]
	at org.springframework.test.context.support.AbstractGenericContextLoader.loadContext(AbstractGenericContextLoader.java:125) [spring-test-4.2.4.RELEASE.jar:4.2.4.RELEASE]
	at org.springframework.test.context.support.AbstractGenericContextLoader.loadContext(AbstractGenericContextLoader.java:60) [spring-test-4.2.4.RELEASE.jar:4.2.4.RELEASE]
	at org.springframework.test.context.support.AbstractDelegatingSmartContextLoader.delegateLoading(AbstractDelegatingSmartContextLoader.java:109) [spring-test-4.2.4.RELEASE.jar:4.2.4.RELEASE]
	at org.springframework.test.context.support.AbstractDelegatingSmartContextLoader.loadContext(AbstractDelegatingSmartContextLoader.java:261) [spring-test-4.2.4.RELEASE.jar:4.2.4.RELEASE]
	at org.springframework.test.context.cache.DefaultCacheAwareContextLoaderDelegate.loadContextInternal(DefaultCacheAwareContextLoaderDelegate.java:98) [spring-test-4.2.4.RELEASE.jar:4.2.4.RELEASE]
	at org.springframework.test.context.cache.DefaultCacheAwareContextLoaderDelegate.loadContext(DefaultCacheAwareContextLoaderDelegate.java:116) [spring-test-4.2.4.RELEASE.jar:4.2.4.RELEASE]
	at org.springframework.test.context.support.DefaultTestContext.getApplicationContext(DefaultTestContext.java:83) [spring-test-4.2.4.RELEASE.jar:4.2.4.RELEASE]
	at org.springframework.test.context.support.DependencyInjectionTestExecutionListener.injectDependencies(DependencyInjectionTestExecutionListener.java:117) [spring-test-4.2.4.RELEASE.jar:4.2.4.RELEASE]
	at org.springframework.test.context.support.DependencyInjectionTestExecutionListener.prepareTestInstance(DependencyInjectionTestExecutionListener.java:83) [spring-test-4.2.4.RELEASE.jar:4.2.4.RELEASE]
	at org.springframework.test.context.TestContextManager.prepareTestInstance(TestContextManager.java:228) [spring-test-4.2.4.RELEASE.jar:4.2.4.RELEASE]
	at org.springframework.test.context.junit4.SpringJUnit4ClassRunner.createTest(SpringJUnit4ClassRunner.java:230) [spring-test-4.2.4.RELEASE.jar:4.2.4.RELEASE]
	at org.springframework.test.context.junit4.SpringJUnit4ClassRunner$1.runReflectiveCall(SpringJUnit4ClassRunner.java:289) [spring-test-4.2.4.RELEASE.jar:4.2.4.RELEASE]
	at org.junit.internal.runners.model.ReflectiveCallable.run(ReflectiveCallable.java:12) [junit-4.12.jar:4.12]
	at org.springframework.test.context.junit4.SpringJUnit4ClassRunner.methodBlock(SpringJUnit4ClassRunner.java:291) [spring-test-4.2.4.RELEASE.jar:4.2.4.RELEASE]
	at org.springframework.test.context.junit4.SpringJUnit4ClassRunner.runChild(SpringJUnit4ClassRunner.java:249) [spring-test-4.2.4.RELEASE.jar:4.2.4.RELEASE]
	at org.springframework.test.context.junit4.SpringJUnit4ClassRunner.runChild(SpringJUnit4ClassRunner.java:89) [spring-test-4.2.4.RELEASE.jar:4.2.4.RELEASE]
	at org.junit.runners.ParentRunner$3.run(ParentRunner.java:290) [junit-4.12.jar:4.12]
	at org.junit.runners.ParentRunner$1.schedule(ParentRunner.java:71) [junit-4.12.jar:4.12]
	at org.junit.runners.ParentRunner.runChildren(ParentRunner.java:288) [junit-4.12.jar:4.12]
	at org.junit.runners.ParentRunner.access$000(ParentRunner.java:58) [junit-4.12.jar:4.12]
	at org.junit.runners.ParentRunner$2.evaluate(ParentRunner.java:268) [junit-4.12.jar:4.12]
	at org.springframework.test.context.junit4.statements.RunBeforeTestClassCallbacks.evaluate(RunBeforeTestClassCallbacks.java:61) [spring-test-4.2.4.RELEASE.jar:4.2.4.RELEASE]
	at org.springframework.test.context.junit4.statements.RunAfterTestClassCallbacks.evaluate(RunAfterTestClassCallbacks.java:70) [spring-test-4.2.4.RELEASE.jar:4.2.4.RELEASE]
	at org.junit.runners.ParentRunner.run(ParentRunner.java:363) [junit-4.12.jar:4.12]
	at org.springframework.test.context.junit4.SpringJUnit4ClassRunner.run(SpringJUnit4ClassRunner.java:193) [spring-test-4.2.4.RELEASE.jar:4.2.4.RELEASE]
	at org.gradle.api.internal.tasks.testing.junit.JUnitTestClassExecuter.runTestClass(JUnitTestClassExecuter.java:105) [gradle-plugins-2.10.jar:2.10]
	at org.gradle.api.internal.tasks.testing.junit.JUnitTestClassExecuter.execute(JUnitTestClassExecuter.java:56) [gradle-plugins-2.10.jar:2.10]
	at org.gradle.api.internal.tasks.testing.junit.JUnitTestClassProcessor.processTestClass(JUnitTestClassProcessor.java:64) [gradle-plugins-2.10.jar:2.10]
	at org.gradle.api.internal.tasks.testing.SuiteTestClassProcessor.processTestClass(SuiteTestClassProcessor.java:50) [gradle-plugins-2.10.jar:2.10]
	at sun.reflect.NativeMethodAccessorImpl.invoke0(Native Method) ~[na:1.8.0_66]
	at sun.reflect.NativeMethodAccessorImpl.invoke(NativeMethodAccessorImpl.java:62) ~[na:1.8.0_66]
	at sun.reflect.DelegatingMethodAccessorImpl.invoke(DelegatingMethodAccessorImpl.java:43) ~[na:1.8.0_66]
	at java.lang.reflect.Method.invoke(Method.java:497) ~[na:1.8.0_66]
	at org.gradle.messaging.dispatch.ReflectionDispatch.dispatch(ReflectionDispatch.java:35) [gradle-messaging-2.10.jar:2.10]
	at org.gradle.messaging.dispatch.ReflectionDispatch.dispatch(ReflectionDispatch.java:24) [gradle-messaging-2.10.jar:2.10]
	at org.gradle.messaging.dispatch.ContextClassLoaderDispatch.dispatch(ContextClassLoaderDispatch.java:32) [gradle-messaging-2.10.jar:2.10]
	at org.gradle.messaging.dispatch.ProxyDispatchAdapter$DispatchingInvocationHandler.invoke(ProxyDispatchAdapter.java:93) [gradle-messaging-2.10.jar:2.10]
	at com.sun.proxy.$Proxy2.processTestClass(Unknown Source) [na:na]
	at org.gradle.api.internal.tasks.testing.worker.TestWorker.processTestClass(TestWorker.java:106) [gradle-plugins-2.10.jar:2.10]
	at sun.reflect.NativeMethodAccessorImpl.invoke0(Native Method) ~[na:1.8.0_66]
	at sun.reflect.NativeMethodAccessorImpl.invoke(NativeMethodAccessorImpl.java:62) ~[na:1.8.0_66]
	at sun.reflect.DelegatingMethodAccessorImpl.invoke(DelegatingMethodAccessorImpl.java:43) ~[na:1.8.0_66]
	at java.lang.reflect.Method.invoke(Method.java:497) ~[na:1.8.0_66]
	at org.gradle.messaging.dispatch.ReflectionDispatch.dispatch(ReflectionDispatch.java:35) [gradle-messaging-2.10.jar:2.10]
	at org.gradle.messaging.dispatch.ReflectionDispatch.dispatch(ReflectionDispatch.java:24) [gradle-messaging-2.10.jar:2.10]
	at org.gradle.messaging.remote.internal.hub.MessageHub$Handler.run(MessageHub.java:360) [gradle-messaging-2.10.jar:2.10]
	at org.gradle.internal.concurrent.ExecutorPolicy$CatchAndRecordFailures.onExecute(ExecutorPolicy.java:54) [gradle-base-services-2.10.jar:2.10]
	at org.gradle.internal.concurrent.StoppableExecutorImpl$1.run(StoppableExecutorImpl.java:40) [gradle-base-services-2.10.jar:2.10]
	at java.util.concurrent.ThreadPoolExecutor.runWorker(ThreadPoolExecutor.java:1142) [na:1.8.0_66]
	at java.util.concurrent.ThreadPoolExecutor$Worker.run(ThreadPoolExecutor.java:617) [na:1.8.0_66]
	at java.lang.Thread.run(Thread.java:745) [na:1.8.0_66]
Caused by: org.h2.jdbc.JdbcSQLException: Schemat "JPA" nie istnieje
Schema "JPA" not found; SQL statement:

    alter table JPA.PROJECT_EMPLOYEE 
        add constraint FK88081oxhrl9xx8v5sedh9fbhx 
        foreign key (EMPLOYEES_ID) 
        references PROJECT [90079-191]
	at org.h2.message.DbException.getJdbcSQLException(DbException.java:345) ~[h2-1.4.191.jar:1.4.191]
	at org.h2.message.DbException.get(DbException.java:179) ~[h2-1.4.191.jar:1.4.191]
	at org.h2.message.DbException.get(DbException.java:155) ~[h2-1.4.191.jar:1.4.191]
	at org.h2.command.Parser.getSchema(Parser.java:666) ~[h2-1.4.191.jar:1.4.191]
	at org.h2.command.Parser.getSchema(Parser.java:673) ~[h2-1.4.191.jar:1.4.191]
	at org.h2.command.Parser.readTableOrView(Parser.java:5332) ~[h2-1.4.191.jar:1.4.191]
	at org.h2.command.Parser.readTableOrView(Parser.java:5326) ~[h2-1.4.191.jar:1.4.191]
	at org.h2.command.Parser.parseAlterTable(Parser.java:5403) ~[h2-1.4.191.jar:1.4.191]
	at org.h2.command.Parser.parseAlter(Parser.java:4818) ~[h2-1.4.191.jar:1.4.191]
	at org.h2.command.Parser.parsePrepared(Parser.java:342) ~[h2-1.4.191.jar:1.4.191]
	at org.h2.command.Parser.parse(Parser.java:315) ~[h2-1.4.191.jar:1.4.191]
	at org.h2.command.Parser.parse(Parser.java:287) ~[h2-1.4.191.jar:1.4.191]
	at org.h2.command.Parser.prepareCommand(Parser.java:252) ~[h2-1.4.191.jar:1.4.191]
	at org.h2.engine.Session.prepareLocal(Session.java:560) ~[h2-1.4.191.jar:1.4.191]
	at org.h2.engine.Session.prepareCommand(Session.java:501) ~[h2-1.4.191.jar:1.4.191]
	at org.h2.jdbc.JdbcConnection.prepareCommand(JdbcConnection.java:1188) ~[h2-1.4.191.jar:1.4.191]
	at org.h2.jdbc.JdbcStatement.executeInternal(JdbcStatement.java:170) ~[h2-1.4.191.jar:1.4.191]
	at org.h2.jdbc.JdbcStatement.execute(JdbcStatement.java:158) ~[h2-1.4.191.jar:1.4.191]
	at org.hibernate.tool.schema.internal.exec.GenerationTargetToDatabase.accept(GenerationTargetToDatabase.java:51) ~[hibernate-core-5.1.0.Final.jar:5.1.0.Final]
	... 76 common frames omitted
[DEBUG] 2016-05-06 09:57:11.593 [Test worker] o.h.s.internal.StatisticsInitiator - [requestID: ] Statistics initialized [enabled=false]
[INFO] 2016-05-06 09:57:11.895 [Test worker] o.h.h.i.QueryTranslatorFactoryInitiator - [requestID: ] HHH000397: Using ASTQueryTranslatorFactory
[INFO] 2016-05-06 09:57:12.212 [Thread-7] o.s.c.s.GenericApplicationContext - [requestID: ] Closing org.springframework.context.support.GenericApplicationContext@788c2ce2: startup date [Fri May 06 09:57:05 CEST 2016]; root of context hierarchy
[INFO] 2016-05-06 09:57:12.293 [Thread-7] o.s.o.j.LocalContainerEntityManagerFactoryBean - [requestID: ] Closing JPA EntityManagerFactory for persistence unit 'default'
[INFO] 2016-05-06 10:00:00.180 [Test worker] o.s.t.c.s.DefaultTestContextBootstrapper - [requestID: ] Loaded default TestExecutionListener class names from location [META-INF/spring.factories]: [org.springframework.test.context.web.ServletTestExecutionListener, org.springframework.test.context.support.DirtiesContextBeforeModesTestExecutionListener, org.springframework.test.context.support.DependencyInjectionTestExecutionListener, org.springframework.test.context.support.DirtiesContextTestExecutionListener, org.springframework.test.context.transaction.TransactionalTestExecutionListener, org.springframework.test.context.jdbc.SqlScriptsTestExecutionListener]
[INFO] 2016-05-06 10:00:00.236 [Test worker] o.s.t.c.s.DefaultTestContextBootstrapper - [requestID: ] Using TestExecutionListeners: [org.springframework.test.context.web.ServletTestExecutionListener@771bed9d, org.springframework.test.context.support.DirtiesContextBeforeModesTestExecutionListener@5df4c58e, org.springframework.test.context.support.DependencyInjectionTestExecutionListener@23581b04, org.springframework.test.context.support.DirtiesContextTestExecutionListener@67b29997, org.springframework.test.context.transaction.TransactionalTestExecutionListener@4fedf7f9, org.springframework.test.context.jdbc.SqlScriptsTestExecutionListener@344e833f]
[INFO] 2016-05-06 10:00:00.557 [Test worker] o.s.c.s.GenericApplicationContext - [requestID: ] Refreshing org.springframework.context.support.GenericApplicationContext@788c2ce2: startup date [Fri May 06 10:00:00 CEST 2016]; root of context hierarchy
[INFO] 2016-05-06 10:00:01.754 [Test worker] o.h.validator.internal.util.Version - [requestID: ] HV000001: Hibernate Validator 5.3.0.Alpha1
[INFO] 2016-05-06 10:00:02.728 [Test worker] o.s.o.j.LocalContainerEntityManagerFactoryBean - [requestID: ] Building JPA container EntityManagerFactory for persistence unit 'default'
[INFO] 2016-05-06 10:00:02.778 [Test worker] o.h.jpa.internal.util.LogHelper - [requestID: ] HHH000204: Processing PersistenceUnitInfo [
	name: default
	...]
[INFO] 2016-05-06 10:00:02.963 [Test worker] org.hibernate.Version - [requestID: ] HHH000412: Hibernate Core {5.1.0.Final}
[INFO] 2016-05-06 10:00:02.967 [Test worker] org.hibernate.cfg.Environment - [requestID: ] HHH000206: hibernate.properties not found
[INFO] 2016-05-06 10:00:02.971 [Test worker] org.hibernate.cfg.Environment - [requestID: ] HHH000021: Bytecode provider name : javassist
[INFO] 2016-05-06 10:00:03.067 [Test worker] o.h.annotations.common.Version - [requestID: ] HCANN000001: Hibernate Commons Annotations {5.0.1.Final}
[WARN] 2016-05-06 10:00:03.089 [Test worker] org.hibernate.orm.deprecation - [requestID: ] HHH90000006: Attempted to specify unsupported NamingStrategy via setting [hibernate.ejb.naming_strategy]; NamingStrategy has been removed in favor of the split ImplicitNamingStrategy and PhysicalNamingStrategy; use [hibernate.implicit_naming_strategy] or [hibernate.physical_naming_strategy], respectively, instead.
[INFO] 2016-05-06 10:00:03.731 [Test worker] org.hibernate.dialect.Dialect - [requestID: ] HHH000400: Using dialect: org.hibernate.dialect.H2Dialect
[INFO] 2016-05-06 10:00:05.673 [Test worker] o.h.t.s.e.i.InformationExtractorJdbcDatabaseMetaDataImpl - [requestID: ] HHH000262: Table not found: ADDRESS
[INFO] 2016-05-06 10:00:05.676 [Test worker] o.h.t.s.e.i.InformationExtractorJdbcDatabaseMetaDataImpl - [requestID: ] HHH000262: Table not found: ADDRESS
[INFO] 2016-05-06 10:00:05.696 [Test worker] o.h.t.s.e.i.InformationExtractorJdbcDatabaseMetaDataImpl - [requestID: ] HHH000262: Table not found: Cart
[INFO] 2016-05-06 10:00:05.699 [Test worker] o.h.t.s.e.i.InformationExtractorJdbcDatabaseMetaDataImpl - [requestID: ] HHH000262: Table not found: Cart
[INFO] 2016-05-06 10:00:05.705 [Test worker] o.h.t.s.e.i.InformationExtractorJdbcDatabaseMetaDataImpl - [requestID: ] HHH000262: Table not found: Company
[INFO] 2016-05-06 10:00:05.708 [Test worker] o.h.t.s.e.i.InformationExtractorJdbcDatabaseMetaDataImpl - [requestID: ] HHH000262: Table not found: Company
[INFO] 2016-05-06 10:00:05.717 [Test worker] o.h.t.s.e.i.InformationExtractorJdbcDatabaseMetaDataImpl - [requestID: ] HHH000262: Table not found: Company_Department
[INFO] 2016-05-06 10:00:05.720 [Test worker] o.h.t.s.e.i.InformationExtractorJdbcDatabaseMetaDataImpl - [requestID: ] HHH000262: Table not found: Company_Department
[INFO] 2016-05-06 10:00:05.725 [Test worker] o.h.t.s.e.i.InformationExtractorJdbcDatabaseMetaDataImpl - [requestID: ] HHH000262: Table not found: DEPARTMENT
[INFO] 2016-05-06 10:00:05.728 [Test worker] o.h.t.s.e.i.InformationExtractorJdbcDatabaseMetaDataImpl - [requestID: ] HHH000262: Table not found: DEPARTMENT
[INFO] 2016-05-06 10:00:05.734 [Test worker] o.h.t.s.e.i.InformationExtractorJdbcDatabaseMetaDataImpl - [requestID: ] HHH000262: Table not found: EMPLOYEE
[INFO] 2016-05-06 10:00:05.736 [Test worker] o.h.t.s.e.i.InformationExtractorJdbcDatabaseMetaDataImpl - [requestID: ] HHH000262: Table not found: EMPLOYEE
[INFO] 2016-05-06 10:00:05.743 [Test worker] o.h.t.s.e.i.InformationExtractorJdbcDatabaseMetaDataImpl - [requestID: ] HHH000262: Table not found: Person
[INFO] 2016-05-06 10:00:05.746 [Test worker] o.h.t.s.e.i.InformationExtractorJdbcDatabaseMetaDataImpl - [requestID: ] HHH000262: Table not found: Person
[INFO] 2016-05-06 10:00:05.752 [Test worker] o.h.t.s.e.i.InformationExtractorJdbcDatabaseMetaDataImpl - [requestID: ] HHH000262: Table not found: PHONE
[INFO] 2016-05-06 10:00:05.754 [Test worker] o.h.t.s.e.i.InformationExtractorJdbcDatabaseMetaDataImpl - [requestID: ] HHH000262: Table not found: PHONE
[INFO] 2016-05-06 10:00:05.761 [Test worker] o.h.t.s.e.i.InformationExtractorJdbcDatabaseMetaDataImpl - [requestID: ] HHH000262: Table not found: PROJECT
[INFO] 2016-05-06 10:00:05.763 [Test worker] o.h.t.s.e.i.InformationExtractorJdbcDatabaseMetaDataImpl - [requestID: ] HHH000262: Table not found: PROJECT
[INFO] 2016-05-06 10:00:05.769 [Test worker] o.h.t.s.e.i.InformationExtractorJdbcDatabaseMetaDataImpl - [requestID: ] HHH000262: Table not found: PROJECT_EMPLOYEE
[INFO] 2016-05-06 10:00:05.772 [Test worker] o.h.t.s.e.i.InformationExtractorJdbcDatabaseMetaDataImpl - [requestID: ] HHH000262: Table not found: PROJECT_EMPLOYEE
[INFO] 2016-05-06 10:00:05.777 [Test worker] o.h.t.s.e.i.InformationExtractorJdbcDatabaseMetaDataImpl - [requestID: ] HHH000262: Table not found: SimpleProduct
[INFO] 2016-05-06 10:00:05.779 [Test worker] o.h.t.s.e.i.InformationExtractorJdbcDatabaseMetaDataImpl - [requestID: ] HHH000262: Table not found: SimpleProduct
[INFO] 2016-05-06 10:00:05.786 [Test worker] o.h.t.s.e.i.InformationExtractorJdbcDatabaseMetaDataImpl - [requestID: ] HHH000262: Table not found: Todo
[INFO] 2016-05-06 10:00:05.788 [Test worker] o.h.t.s.e.i.InformationExtractorJdbcDatabaseMetaDataImpl - [requestID: ] HHH000262: Table not found: Todo
[DEBUG] 2016-05-06 10:00:06.520 [Test worker] o.h.s.internal.StatisticsInitiator - [requestID: ] Statistics initialized [enabled=false]
[INFO] 2016-05-06 10:00:06.829 [Test worker] o.h.h.i.QueryTranslatorFactoryInitiator - [requestID: ] HHH000397: Using ASTQueryTranslatorFactory
[INFO] 2016-05-06 10:00:07.118 [Thread-7] o.s.c.s.GenericApplicationContext - [requestID: ] Closing org.springframework.context.support.GenericApplicationContext@788c2ce2: startup date [Fri May 06 10:00:00 CEST 2016]; root of context hierarchy
[INFO] 2016-05-06 10:00:07.208 [Thread-7] o.s.o.j.LocalContainerEntityManagerFactoryBean - [requestID: ] Closing JPA EntityManagerFactory for persistence unit 'default'
[INFO] 2016-05-06 10:00:29.337 [restartedMain] p.j.s.SpringJpaTestApplication - [requestID: ] Starting SpringJpaTestApplication on przodownik-Dell-System-XPS-L702X with PID 18356 (/home/przodownik/blog/springJpaKata/build/classes/main started by przodownik in /home/przodownik/blog/springJpaKata)
[INFO] 2016-05-06 10:00:29.344 [restartedMain] p.j.s.SpringJpaTestApplication - [requestID: ] No active profile set, falling back to default profiles: default
[INFO] 2016-05-06 10:00:29.618 [background-preinit] o.h.validator.internal.util.Version - [requestID: ] HV000001: Hibernate Validator 5.3.0.Alpha1
[INFO] 2016-05-06 10:00:29.637 [restartedMain] o.s.b.c.e.AnnotationConfigEmbeddedWebApplicationContext - [requestID: ] Refreshing org.springframework.boot.context.embedded.AnnotationConfigEmbeddedWebApplicationContext@eec24fa: startup date [Fri May 06 10:00:29 CEST 2016]; root of context hierarchy
[INFO] 2016-05-06 10:00:30.786 [restartedMain] o.s.b.f.s.DefaultListableBeanFactory - [requestID: ] Overriding bean definition for bean 'beanNameViewResolver' with a different definition: replacing [Root bean: class [null]; scope=; abstract=false; lazyInit=false; autowireMode=3; dependencyCheck=0; autowireCandidate=true; primary=false; factoryBeanName=org.springframework.boot.autoconfigure.web.ErrorMvcAutoConfiguration$WhitelabelErrorViewConfiguration; factoryMethodName=beanNameViewResolver; initMethodName=null; destroyMethodName=(inferred); defined in class path resource [org/springframework/boot/autoconfigure/web/ErrorMvcAutoConfiguration$WhitelabelErrorViewConfiguration.class]] with [Root bean: class [null]; scope=; abstract=false; lazyInit=false; autowireMode=3; dependencyCheck=0; autowireCandidate=true; primary=false; factoryBeanName=org.springframework.boot.autoconfigure.web.WebMvcAutoConfiguration$WebMvcAutoConfigurationAdapter; factoryMethodName=beanNameViewResolver; initMethodName=null; destroyMethodName=(inferred); defined in class path resource [org/springframework/boot/autoconfigure/web/WebMvcAutoConfiguration$WebMvcAutoConfigurationAdapter.class]]
[INFO] 2016-05-06 10:00:31.418 [restartedMain] o.s.c.s.PostProcessorRegistrationDelegate$BeanPostProcessorChecker - [requestID: ] Bean 'org.springframework.transaction.annotation.ProxyTransactionManagementConfiguration' of type [class org.springframework.transaction.annotation.ProxyTransactionManagementConfiguration$$EnhancerBySpringCGLIB$$d84cc607] is not eligible for getting processed by all BeanPostProcessors (for example: not eligible for auto-proxying)
[INFO] 2016-05-06 10:00:31.465 [restartedMain] o.s.c.s.PostProcessorRegistrationDelegate$BeanPostProcessorChecker - [requestID: ] Bean 'aopProfiler' of type [class pl.java.scalatech.config.AopProfiler$$EnhancerBySpringCGLIB$$31df4437] is not eligible for getting processed by all BeanPostProcessors (for example: not eligible for auto-proxying)
[INFO] 2016-05-06 10:00:31.489 [restartedMain] o.s.c.s.PostProcessorRegistrationDelegate$BeanPostProcessorChecker - [requestID: ] Bean 'interceptor' of type [class org.springframework.aop.interceptor.CustomizableTraceInterceptor] is not eligible for getting processed by all BeanPostProcessors (for example: not eligible for auto-proxying)
[INFO] 2016-05-06 10:00:31.495 [restartedMain] o.s.c.s.PostProcessorRegistrationDelegate$BeanPostProcessorChecker - [requestID: ] Bean 'traceAdvisor' of type [class org.springframework.aop.support.DefaultPointcutAdvisor] is not eligible for getting processed by all BeanPostProcessors (for example: not eligible for auto-proxying)
[INFO] 2016-05-06 10:00:32.132 [restartedMain] o.s.b.c.e.t.TomcatEmbeddedServletContainer - [requestID: ] Tomcat initialized with port(s): 9444 (http)
[INFO] 2016-05-06 10:00:32.149 [restartedMain] o.a.catalina.core.StandardService - [requestID: ] Starting service Tomcat
[INFO] 2016-05-06 10:00:32.151 [restartedMain] o.a.catalina.core.StandardEngine - [requestID: ] Starting Servlet Engine: Apache Tomcat/8.0.32
[INFO] 2016-05-06 10:00:32.303 [localhost-startStop-1] o.a.c.c.C.[Tomcat].[localhost].[/] - [requestID: ] Initializing Spring embedded WebApplicationContext
[INFO] 2016-05-06 10:00:32.304 [localhost-startStop-1] o.s.web.context.ContextLoader - [requestID: ] Root WebApplicationContext: initialization completed in 2672 ms
[INFO] 2016-05-06 10:00:32.711 [localhost-startStop-1] o.s.b.c.e.ServletRegistrationBean - [requestID: ] Mapping servlet: 'dispatcherServlet' to [/]
[INFO] 2016-05-06 10:00:32.713 [localhost-startStop-1] o.s.b.c.e.ServletRegistrationBean - [requestID: ] Mapping servlet: 'webServlet' to [/h2-console/*]
[INFO] 2016-05-06 10:00:32.719 [localhost-startStop-1] o.s.b.c.e.FilterRegistrationBean - [requestID: ] Mapping filter: 'characterEncodingFilter' to: [/*]
[INFO] 2016-05-06 10:00:32.720 [localhost-startStop-1] o.s.b.c.e.FilterRegistrationBean - [requestID: ] Mapping filter: 'hiddenHttpMethodFilter' to: [/*]
[INFO] 2016-05-06 10:00:32.720 [localhost-startStop-1] o.s.b.c.e.FilterRegistrationBean - [requestID: ] Mapping filter: 'httpPutFormContentFilter' to: [/*]
[INFO] 2016-05-06 10:00:32.721 [localhost-startStop-1] o.s.b.c.e.FilterRegistrationBean - [requestID: ] Mapping filter: 'requestContextFilter' to: [/*]
[INFO] 2016-05-06 10:00:33.079 [restartedMain] o.s.o.j.LocalContainerEntityManagerFactoryBean - [requestID: ] Building JPA container EntityManagerFactory for persistence unit 'default'
[INFO] 2016-05-06 10:00:33.107 [restartedMain] o.h.jpa.internal.util.LogHelper - [requestID: ] HHH000204: Processing PersistenceUnitInfo [
	name: default
	...]
[INFO] 2016-05-06 10:00:33.209 [restartedMain] org.hibernate.Version - [requestID: ] HHH000412: Hibernate Core {5.1.0.Final}
[INFO] 2016-05-06 10:00:33.211 [restartedMain] org.hibernate.cfg.Environment - [requestID: ] HHH000206: hibernate.properties not found
[INFO] 2016-05-06 10:00:33.213 [restartedMain] org.hibernate.cfg.Environment - [requestID: ] HHH000021: Bytecode provider name : javassist
[INFO] 2016-05-06 10:00:33.264 [restartedMain] o.h.annotations.common.Version - [requestID: ] HCANN000001: Hibernate Commons Annotations {5.0.1.Final}
[WARN] 2016-05-06 10:00:33.273 [restartedMain] org.hibernate.orm.deprecation - [requestID: ] HHH90000006: Attempted to specify unsupported NamingStrategy via setting [hibernate.ejb.naming_strategy]; NamingStrategy has been removed in favor of the split ImplicitNamingStrategy and PhysicalNamingStrategy; use [hibernate.implicit_naming_strategy] or [hibernate.physical_naming_strategy], respectively, instead.
[INFO] 2016-05-06 10:00:33.705 [restartedMain] org.hibernate.dialect.Dialect - [requestID: ] HHH000400: Using dialect: org.hibernate.dialect.H2Dialect
[INFO] 2016-05-06 10:00:34.463 [restartedMain] o.h.t.s.e.i.InformationExtractorJdbcDatabaseMetaDataImpl - [requestID: ] HHH000262: Table not found: ADDRESS
[INFO] 2016-05-06 10:00:34.465 [restartedMain] o.h.t.s.e.i.InformationExtractorJdbcDatabaseMetaDataImpl - [requestID: ] HHH000262: Table not found: ADDRESS
[INFO] 2016-05-06 10:00:34.473 [restartedMain] o.h.t.s.e.i.InformationExtractorJdbcDatabaseMetaDataImpl - [requestID: ] HHH000262: Table not found: Cart
[INFO] 2016-05-06 10:00:34.474 [restartedMain] o.h.t.s.e.i.InformationExtractorJdbcDatabaseMetaDataImpl - [requestID: ] HHH000262: Table not found: Cart
[INFO] 2016-05-06 10:00:34.477 [restartedMain] o.h.t.s.e.i.InformationExtractorJdbcDatabaseMetaDataImpl - [requestID: ] HHH000262: Table not found: Company
[INFO] 2016-05-06 10:00:34.478 [restartedMain] o.h.t.s.e.i.InformationExtractorJdbcDatabaseMetaDataImpl - [requestID: ] HHH000262: Table not found: Company
[INFO] 2016-05-06 10:00:34.483 [restartedMain] o.h.t.s.e.i.InformationExtractorJdbcDatabaseMetaDataImpl - [requestID: ] HHH000262: Table not found: Company_Department
[INFO] 2016-05-06 10:00:34.485 [restartedMain] o.h.t.s.e.i.InformationExtractorJdbcDatabaseMetaDataImpl - [requestID: ] HHH000262: Table not found: Company_Department
[INFO] 2016-05-06 10:00:34.488 [restartedMain] o.h.t.s.e.i.InformationExtractorJdbcDatabaseMetaDataImpl - [requestID: ] HHH000262: Table not found: DEPARTMENT
[INFO] 2016-05-06 10:00:34.489 [restartedMain] o.h.t.s.e.i.InformationExtractorJdbcDatabaseMetaDataImpl - [requestID: ] HHH000262: Table not found: DEPARTMENT
[INFO] 2016-05-06 10:00:34.492 [restartedMain] o.h.t.s.e.i.InformationExtractorJdbcDatabaseMetaDataImpl - [requestID: ] HHH000262: Table not found: Employee
[INFO] 2016-05-06 10:00:34.494 [restartedMain] o.h.t.s.e.i.InformationExtractorJdbcDatabaseMetaDataImpl - [requestID: ] HHH000262: Table not found: Employee
[INFO] 2016-05-06 10:00:34.497 [restartedMain] o.h.t.s.e.i.InformationExtractorJdbcDatabaseMetaDataImpl - [requestID: ] HHH000262: Table not found: Person
[INFO] 2016-05-06 10:00:34.498 [restartedMain] o.h.t.s.e.i.InformationExtractorJdbcDatabaseMetaDataImpl - [requestID: ] HHH000262: Table not found: Person
[INFO] 2016-05-06 10:00:34.501 [restartedMain] o.h.t.s.e.i.InformationExtractorJdbcDatabaseMetaDataImpl - [requestID: ] HHH000262: Table not found: PHONE
[INFO] 2016-05-06 10:00:34.502 [restartedMain] o.h.t.s.e.i.InformationExtractorJdbcDatabaseMetaDataImpl - [requestID: ] HHH000262: Table not found: PHONE
[INFO] 2016-05-06 10:00:34.505 [restartedMain] o.h.t.s.e.i.InformationExtractorJdbcDatabaseMetaDataImpl - [requestID: ] HHH000262: Table not found: PROJECT
[INFO] 2016-05-06 10:00:34.506 [restartedMain] o.h.t.s.e.i.InformationExtractorJdbcDatabaseMetaDataImpl - [requestID: ] HHH000262: Table not found: PROJECT
[INFO] 2016-05-06 10:00:34.509 [restartedMain] o.h.t.s.e.i.InformationExtractorJdbcDatabaseMetaDataImpl - [requestID: ] HHH000262: Table not found: PROJECT_EMPLOYEE
[INFO] 2016-05-06 10:00:34.510 [restartedMain] o.h.t.s.e.i.InformationExtractorJdbcDatabaseMetaDataImpl - [requestID: ] HHH000262: Table not found: PROJECT_EMPLOYEE
[INFO] 2016-05-06 10:00:34.511 [restartedMain] o.h.t.s.e.i.InformationExtractorJdbcDatabaseMetaDataImpl - [requestID: ] HHH000262: Table not found: SimpleProduct
[INFO] 2016-05-06 10:00:34.512 [restartedMain] o.h.t.s.e.i.InformationExtractorJdbcDatabaseMetaDataImpl - [requestID: ] HHH000262: Table not found: SimpleProduct
[INFO] 2016-05-06 10:00:34.515 [restartedMain] o.h.t.s.e.i.InformationExtractorJdbcDatabaseMetaDataImpl - [requestID: ] HHH000262: Table not found: Todo
[INFO] 2016-05-06 10:00:34.516 [restartedMain] o.h.t.s.e.i.InformationExtractorJdbcDatabaseMetaDataImpl - [requestID: ] HHH000262: Table not found: Todo
[DEBUG] 2016-05-06 10:00:34.838 [restartedMain] o.h.s.internal.StatisticsInitiator - [requestID: ] Statistics initialized [enabled=true]
[INFO] 2016-05-06 10:00:34.844 [restartedMain] o.h.e.i.StatisticalLoggingSessionEventListener - [requestID: ] Session Metrics {
    0 nanoseconds spent acquiring 0 JDBC connections;
    0 nanoseconds spent releasing 0 JDBC connections;
    0 nanoseconds spent preparing 0 JDBC statements;
    0 nanoseconds spent executing 0 JDBC statements;
    0 nanoseconds spent executing 0 JDBC batches;
    0 nanoseconds spent performing 0 L2C puts;
    0 nanoseconds spent performing 0 L2C hits;
    0 nanoseconds spent performing 0 L2C misses;
    0 nanoseconds spent executing 0 flushes (flushing a total of 0 entities and 0 collections);
    0 nanoseconds spent executing 0 partial-flushes (flushing a total of 0 entities and 0 collections)
}
[INFO] 2016-05-06 10:00:34.847 [restartedMain] o.h.e.i.StatisticalLoggingSessionEventListener - [requestID: ] Session Metrics {
    0 nanoseconds spent acquiring 0 JDBC connections;
    0 nanoseconds spent releasing 0 JDBC connections;
    0 nanoseconds spent preparing 0 JDBC statements;
    0 nanoseconds spent executing 0 JDBC statements;
    0 nanoseconds spent executing 0 JDBC batches;
    0 nanoseconds spent performing 0 L2C puts;
    0 nanoseconds spent performing 0 L2C hits;
    0 nanoseconds spent performing 0 L2C misses;
    0 nanoseconds spent executing 0 flushes (flushing a total of 0 entities and 0 collections);
    0 nanoseconds spent executing 0 partial-flushes (flushing a total of 0 entities and 0 collections)
}
[INFO] 2016-05-06 10:00:34.861 [restartedMain] o.h.e.i.StatisticalLoggingSessionEventListener - [requestID: ] Session Metrics {
    0 nanoseconds spent acquiring 0 JDBC connections;
    0 nanoseconds spent releasing 0 JDBC connections;
    0 nanoseconds spent preparing 0 JDBC statements;
    0 nanoseconds spent executing 0 JDBC statements;
    0 nanoseconds spent executing 0 JDBC batches;
    0 nanoseconds spent performing 0 L2C puts;
    0 nanoseconds spent performing 0 L2C hits;
    0 nanoseconds spent performing 0 L2C misses;
    0 nanoseconds spent executing 0 flushes (flushing a total of 0 entities and 0 collections);
    0 nanoseconds spent executing 0 partial-flushes (flushing a total of 0 entities and 0 collections)
}
[INFO] 2016-05-06 10:00:34.884 [restartedMain] o.h.e.i.StatisticalLoggingSessionEventListener - [requestID: ] Session Metrics {
    0 nanoseconds spent acquiring 0 JDBC connections;
    0 nanoseconds spent releasing 0 JDBC connections;
    0 nanoseconds spent preparing 0 JDBC statements;
    0 nanoseconds spent executing 0 JDBC statements;
    0 nanoseconds spent executing 0 JDBC batches;
    0 nanoseconds spent performing 0 L2C puts;
    0 nanoseconds spent performing 0 L2C hits;
    0 nanoseconds spent performing 0 L2C misses;
    0 nanoseconds spent executing 0 flushes (flushing a total of 0 entities and 0 collections);
    0 nanoseconds spent executing 0 partial-flushes (flushing a total of 0 entities and 0 collections)
}
[INFO] 2016-05-06 10:00:34.906 [restartedMain] o.h.e.i.StatisticalLoggingSessionEventListener - [requestID: ] Session Metrics {
    0 nanoseconds spent acquiring 0 JDBC connections;
    0 nanoseconds spent releasing 0 JDBC connections;
    0 nanoseconds spent preparing 0 JDBC statements;
    0 nanoseconds spent executing 0 JDBC statements;
    0 nanoseconds spent executing 0 JDBC batches;
    0 nanoseconds spent performing 0 L2C puts;
    0 nanoseconds spent performing 0 L2C hits;
    0 nanoseconds spent performing 0 L2C misses;
    0 nanoseconds spent executing 0 flushes (flushing a total of 0 entities and 0 collections);
    0 nanoseconds spent executing 0 partial-flushes (flushing a total of 0 entities and 0 collections)
}
[INFO] 2016-05-06 10:00:34.980 [restartedMain] o.h.h.i.QueryTranslatorFactoryInitiator - [requestID: ] HHH000397: Using ASTQueryTranslatorFactory
[INFO] 2016-05-06 10:00:35.056 [restartedMain] o.h.e.i.StatisticalLoggingSessionEventListener - [requestID: ] Session Metrics {
    0 nanoseconds spent acquiring 0 JDBC connections;
    0 nanoseconds spent releasing 0 JDBC connections;
    0 nanoseconds spent preparing 0 JDBC statements;
    0 nanoseconds spent executing 0 JDBC statements;
    0 nanoseconds spent executing 0 JDBC batches;
    0 nanoseconds spent performing 0 L2C puts;
    0 nanoseconds spent performing 0 L2C hits;
    0 nanoseconds spent performing 0 L2C misses;
    0 nanoseconds spent executing 0 flushes (flushing a total of 0 entities and 0 collections);
    0 nanoseconds spent executing 0 partial-flushes (flushing a total of 0 entities and 0 collections)
}
[INFO] 2016-05-06 10:00:35.237 [restartedMain] o.h.e.i.StatisticalLoggingSessionEventListener - [requestID: ] Session Metrics {
    0 nanoseconds spent acquiring 0 JDBC connections;
    0 nanoseconds spent releasing 0 JDBC connections;
    0 nanoseconds spent preparing 0 JDBC statements;
    0 nanoseconds spent executing 0 JDBC statements;
    0 nanoseconds spent executing 0 JDBC batches;
    0 nanoseconds spent performing 0 L2C puts;
    0 nanoseconds spent performing 0 L2C hits;
    0 nanoseconds spent performing 0 L2C misses;
    0 nanoseconds spent executing 0 flushes (flushing a total of 0 entities and 0 collections);
    0 nanoseconds spent executing 0 partial-flushes (flushing a total of 0 entities and 0 collections)
}
[INFO] 2016-05-06 10:00:35.241 [restartedMain] o.h.e.i.StatisticalLoggingSessionEventListener - [requestID: ] Session Metrics {
    0 nanoseconds spent acquiring 0 JDBC connections;
    0 nanoseconds spent releasing 0 JDBC connections;
    0 nanoseconds spent preparing 0 JDBC statements;
    0 nanoseconds spent executing 0 JDBC statements;
    0 nanoseconds spent executing 0 JDBC batches;
    0 nanoseconds spent performing 0 L2C puts;
    0 nanoseconds spent performing 0 L2C hits;
    0 nanoseconds spent performing 0 L2C misses;
    0 nanoseconds spent executing 0 flushes (flushing a total of 0 entities and 0 collections);
    0 nanoseconds spent executing 0 partial-flushes (flushing a total of 0 entities and 0 collections)
}
[INFO] 2016-05-06 10:00:35.243 [restartedMain] o.h.e.i.StatisticalLoggingSessionEventListener - [requestID: ] Session Metrics {
    0 nanoseconds spent acquiring 0 JDBC connections;
    0 nanoseconds spent releasing 0 JDBC connections;
    0 nanoseconds spent preparing 0 JDBC statements;
    0 nanoseconds spent executing 0 JDBC statements;
    0 nanoseconds spent executing 0 JDBC batches;
    0 nanoseconds spent performing 0 L2C puts;
    0 nanoseconds spent performing 0 L2C hits;
    0 nanoseconds spent performing 0 L2C misses;
    0 nanoseconds spent executing 0 flushes (flushing a total of 0 entities and 0 collections);
    0 nanoseconds spent executing 0 partial-flushes (flushing a total of 0 entities and 0 collections)
}
[INFO] 2016-05-06 10:00:35.318 [restartedMain] o.s.w.s.m.m.a.RequestMappingHandlerAdapter - [requestID: ] Looking for @ControllerAdvice: org.springframework.boot.context.embedded.AnnotationConfigEmbeddedWebApplicationContext@eec24fa: startup date [Fri May 06 10:00:29 CEST 2016]; root of context hierarchy
[INFO] 2016-05-06 10:00:35.430 [restartedMain] o.s.w.s.m.m.a.RequestMappingHandlerMapping - [requestID: ] Mapped "{[/error],produces=[text/html]}" onto public org.springframework.web.servlet.ModelAndView org.springframework.boot.autoconfigure.web.BasicErrorController.errorHtml(javax.servlet.http.HttpServletRequest,javax.servlet.http.HttpServletResponse)
[INFO] 2016-05-06 10:00:35.432 [restartedMain] o.s.w.s.m.m.a.RequestMappingHandlerMapping - [requestID: ] Mapped "{[/error]}" onto public org.springframework.http.ResponseEntity<java.util.Map<java.lang.String, java.lang.Object>> org.springframework.boot.autoconfigure.web.BasicErrorController.error(javax.servlet.http.HttpServletRequest)
[INFO] 2016-05-06 10:00:35.478 [restartedMain] o.s.w.s.h.SimpleUrlHandlerMapping - [requestID: ] Mapped URL path [/webjars/**] onto handler of type [class org.springframework.web.servlet.resource.ResourceHttpRequestHandler]
[INFO] 2016-05-06 10:00:35.478 [restartedMain] o.s.w.s.h.SimpleUrlHandlerMapping - [requestID: ] Mapped URL path [/**] onto handler of type [class org.springframework.web.servlet.resource.ResourceHttpRequestHandler]
[INFO] 2016-05-06 10:00:35.539 [restartedMain] o.s.w.s.h.SimpleUrlHandlerMapping - [requestID: ] Mapped URL path [/**/favicon.ico] onto handler of type [class org.springframework.web.servlet.resource.ResourceHttpRequestHandler]
[INFO] 2016-05-06 10:00:36.190 [restartedMain] o.s.b.d.a.OptionalLiveReloadServer - [requestID: ] LiveReload server is running on port 35729
[INFO] 2016-05-06 10:00:36.305 [restartedMain] o.s.j.e.a.AnnotationMBeanExporter - [requestID: ] Registering beans for JMX exposure on startup
[INFO] 2016-05-06 10:00:36.308 [restartedMain] o.s.j.e.a.AnnotationMBeanExporter - [requestID: ] Bean with name 'dataSourceMBean' has been autodetected for JMX exposure
[INFO] 2016-05-06 10:00:36.315 [restartedMain] o.s.j.e.a.AnnotationMBeanExporter - [requestID: ] Located MBean 'dataSourceMBean': registering with JMX server as MBean [org.apache.tomcat.jdbc.pool.jmx:name=dataSourceMBean,type=ConnectionPool]
[INFO] 2016-05-06 10:00:36.366 [restartedMain] o.a.coyote.http11.Http11NioProtocol - [requestID: ] Initializing ProtocolHandler ["http-nio-9444"]
[INFO] 2016-05-06 10:00:36.376 [restartedMain] o.a.coyote.http11.Http11NioProtocol - [requestID: ] Starting ProtocolHandler ["http-nio-9444"]
[INFO] 2016-05-06 10:00:36.385 [restartedMain] o.a.tomcat.util.net.NioSelectorPool - [requestID: ] Using a shared selector for servlet write/read
[INFO] 2016-05-06 10:00:36.406 [restartedMain] o.s.b.c.e.t.TomcatEmbeddedServletContainer - [requestID: ] Tomcat started on port(s): 9444 (http)
[TRACE] 2016-05-06 10:00:36.430 [restartedMain] o.s.a.i.CustomizableTraceInterceptor - [requestID: ] Entering save(Person(id=null, firstname=slawek, email=przodownikR1@gmail.com, modify=null, birthDay=2016-05-06T10:00:36.422+02:00[Europe/Warsaw])).
[INFO] 2016-05-06 10:00:36.516 [restartedMain] o.h.e.i.StatisticalLoggingSessionEventListener - [requestID: ] Session Metrics {
    86953 nanoseconds spent acquiring 1 JDBC connections;
    0 nanoseconds spent releasing 0 JDBC connections;
    1720539 nanoseconds spent preparing 2 JDBC statements;
    2336073 nanoseconds spent executing 2 JDBC statements;
    0 nanoseconds spent executing 0 JDBC batches;
    0 nanoseconds spent performing 0 L2C puts;
    0 nanoseconds spent performing 0 L2C hits;
    0 nanoseconds spent performing 0 L2C misses;
    22483461 nanoseconds spent executing 1 flushes (flushing a total of 1 entities and 0 collections);
    0 nanoseconds spent executing 0 partial-flushes (flushing a total of 0 entities and 0 collections)
}
[TRACE] 2016-05-06 10:00:36.518 [restartedMain] o.s.a.i.CustomizableTraceInterceptor - [requestID: ] Leaving save(..) with return value Person(id=1, firstname=slawek, email=przodownikR1@gmail.com, modify=null, birthDay=2016-05-06T10:00:36.422+02:00[Europe/Warsaw]), took 88ms.
[TRACE] 2016-05-06 10:00:36.519 [restartedMain] o.s.a.i.CustomizableTraceInterceptor - [requestID: ] Entering findAll().
[DEBUG] 2016-05-06 10:00:36.551 [restartedMain] o.h.s.i.ConcurrentStatisticsImpl - [requestID: ] HHH000117: HQL: select generatedAlias0 from Person as generatedAlias0, time: 11ms, rows: 1
[INFO] 2016-05-06 10:00:36.555 [restartedMain] o.h.e.i.StatisticalLoggingSessionEventListener - [requestID: ] Session Metrics {
    77706 nanoseconds spent acquiring 1 JDBC connections;
    0 nanoseconds spent releasing 0 JDBC connections;
    622074 nanoseconds spent preparing 1 JDBC statements;
    144185 nanoseconds spent executing 1 JDBC statements;
    0 nanoseconds spent executing 0 JDBC batches;
    0 nanoseconds spent performing 0 L2C puts;
    0 nanoseconds spent performing 0 L2C hits;
    0 nanoseconds spent performing 0 L2C misses;
    0 nanoseconds spent executing 0 flushes (flushing a total of 0 entities and 0 collections);
    36503 nanoseconds spent executing 1 partial-flushes (flushing a total of 0 entities and 0 collections)
}
[TRACE] 2016-05-06 10:00:36.556 [restartedMain] o.s.a.i.CustomizableTraceInterceptor - [requestID: ] Leaving findAll(..) with return value [Person(id=1, firstname=slawek, email=przodownikR1@gmail.com, modify=null, birthDay=2016-05-06T10:00:36.422+02:00[Europe/Warsaw])], took 37ms.
[INFO] 2016-05-06 10:00:36.557 [restartedMain] p.j.s.SpringJpaTestApplication - [requestID: ] [Person(id=1, firstname=slawek, email=przodownikR1@gmail.com, modify=null, birthDay=2016-05-06T10:00:36.422+02:00[Europe/Warsaw])] 
[INFO] 2016-05-06 10:00:36.558 [restartedMain] p.j.s.SpringJpaTestApplication - [requestID: ] Started SpringJpaTestApplication in 7.56 seconds (JVM running for 8.097)
[INFO] 2016-05-06 10:00:59.915 [http-nio-9444-exec-4] o.a.c.c.C.[Tomcat].[localhost].[/] - [requestID: ] Initializing Spring FrameworkServlet 'dispatcherServlet'
[INFO] 2016-05-06 10:00:59.916 [http-nio-9444-exec-4] o.s.web.servlet.DispatcherServlet - [requestID: ] FrameworkServlet 'dispatcherServlet': initialization started
[INFO] 2016-05-06 10:00:59.932 [http-nio-9444-exec-4] o.s.web.servlet.DispatcherServlet - [requestID: ] FrameworkServlet 'dispatcherServlet': initialization completed in 16 ms
[INFO] 2016-05-06 10:21:41.059 [main] o.s.t.c.s.DefaultTestContextBootstrapper - [requestID: ] Loaded default TestExecutionListener class names from location [META-INF/spring.factories]: [org.springframework.test.context.web.ServletTestExecutionListener, org.springframework.test.context.support.DirtiesContextBeforeModesTestExecutionListener, org.springframework.test.context.support.DependencyInjectionTestExecutionListener, org.springframework.test.context.support.DirtiesContextTestExecutionListener, org.springframework.test.context.transaction.TransactionalTestExecutionListener, org.springframework.test.context.jdbc.SqlScriptsTestExecutionListener]
[INFO] 2016-05-06 10:21:41.078 [main] o.s.t.c.s.DefaultTestContextBootstrapper - [requestID: ] Using TestExecutionListeners: [org.springframework.test.context.web.ServletTestExecutionListener@2ea6137, org.springframework.test.context.support.DirtiesContextBeforeModesTestExecutionListener@41ee392b, org.springframework.test.context.support.DependencyInjectionTestExecutionListener@1e67a849, org.springframework.test.context.support.DirtiesContextTestExecutionListener@57d5872c, org.springframework.test.context.transaction.TransactionalTestExecutionListener@667a738, org.springframework.test.context.jdbc.SqlScriptsTestExecutionListener@36f0f1be]
[INFO] 2016-05-06 10:21:41.262 [main] o.s.c.s.GenericApplicationContext - [requestID: ] Refreshing org.springframework.context.support.GenericApplicationContext@327b636c: startup date [Fri May 06 10:21:41 CEST 2016]; root of context hierarchy
[WARN] 2016-05-06 10:21:41.342 [main] o.s.c.s.GenericApplicationContext - [requestID: ] Exception encountered during context initialization - cancelling refresh attempt: org.springframework.beans.factory.BeanDefinitionStoreException: Failed to parse configuration class [pl.java.scalatech.config.PropertiesLoader]; nested exception is java.io.FileNotFoundException: class path resource [spring-data.properties] cannot be opened because it does not exist
[ERROR] 2016-05-06 10:21:41.359 [main] o.s.test.context.TestContextManager - [requestID: ] Caught exception while allowing TestExecutionListener [org.springframework.test.context.support.DependencyInjectionTestExecutionListener@1e67a849] to prepare test instance [pl.java.scalatech.exercise.jpql.JpqlTest@5f8edcc5]
java.lang.IllegalStateException: Failed to load ApplicationContext
	at org.springframework.test.context.cache.DefaultCacheAwareContextLoaderDelegate.loadContext(DefaultCacheAwareContextLoaderDelegate.java:124) ~[spring-test-4.2.4.RELEASE.jar:4.2.4.RELEASE]
	at org.springframework.test.context.support.DefaultTestContext.getApplicationContext(DefaultTestContext.java:83) ~[spring-test-4.2.4.RELEASE.jar:4.2.4.RELEASE]
	at org.springframework.test.context.support.DependencyInjectionTestExecutionListener.injectDependencies(DependencyInjectionTestExecutionListener.java:117) ~[spring-test-4.2.4.RELEASE.jar:4.2.4.RELEASE]
	at org.springframework.test.context.support.DependencyInjectionTestExecutionListener.prepareTestInstance(DependencyInjectionTestExecutionListener.java:83) ~[spring-test-4.2.4.RELEASE.jar:4.2.4.RELEASE]
	at org.springframework.test.context.TestContextManager.prepareTestInstance(TestContextManager.java:228) ~[spring-test-4.2.4.RELEASE.jar:4.2.4.RELEASE]
	at org.springframework.test.context.junit4.SpringJUnit4ClassRunner.createTest(SpringJUnit4ClassRunner.java:230) [spring-test-4.2.4.RELEASE.jar:4.2.4.RELEASE]
	at org.springframework.test.context.junit4.SpringJUnit4ClassRunner$1.runReflectiveCall(SpringJUnit4ClassRunner.java:289) [spring-test-4.2.4.RELEASE.jar:4.2.4.RELEASE]
	at org.junit.internal.runners.model.ReflectiveCallable.run(ReflectiveCallable.java:12) [junit-4.12.jar:4.12]
	at org.springframework.test.context.junit4.SpringJUnit4ClassRunner.methodBlock(SpringJUnit4ClassRunner.java:291) [spring-test-4.2.4.RELEASE.jar:4.2.4.RELEASE]
	at org.springframework.test.context.junit4.SpringJUnit4ClassRunner.runChild(SpringJUnit4ClassRunner.java:249) [spring-test-4.2.4.RELEASE.jar:4.2.4.RELEASE]
	at org.springframework.test.context.junit4.SpringJUnit4ClassRunner.runChild(SpringJUnit4ClassRunner.java:89) [spring-test-4.2.4.RELEASE.jar:4.2.4.RELEASE]
	at org.junit.runners.ParentRunner$3.run(ParentRunner.java:290) [junit-4.12.jar:4.12]
	at org.junit.runners.ParentRunner$1.schedule(ParentRunner.java:71) [junit-4.12.jar:4.12]
	at org.junit.runners.ParentRunner.runChildren(ParentRunner.java:288) [junit-4.12.jar:4.12]
	at org.junit.runners.ParentRunner.access$000(ParentRunner.java:58) [junit-4.12.jar:4.12]
	at org.junit.runners.ParentRunner$2.evaluate(ParentRunner.java:268) [junit-4.12.jar:4.12]
	at org.springframework.test.context.junit4.statements.RunBeforeTestClassCallbacks.evaluate(RunBeforeTestClassCallbacks.java:61) [spring-test-4.2.4.RELEASE.jar:4.2.4.RELEASE]
	at org.springframework.test.context.junit4.statements.RunAfterTestClassCallbacks.evaluate(RunAfterTestClassCallbacks.java:70) [spring-test-4.2.4.RELEASE.jar:4.2.4.RELEASE]
	at org.junit.runners.ParentRunner.run(ParentRunner.java:363) [junit-4.12.jar:4.12]
	at org.springframework.test.context.junit4.SpringJUnit4ClassRunner.run(SpringJUnit4ClassRunner.java:193) [spring-test-4.2.4.RELEASE.jar:4.2.4.RELEASE]
	at org.eclipse.jdt.internal.junit4.runner.JUnit4TestReference.run(JUnit4TestReference.java:86) [.cp/:na]
	at org.eclipse.jdt.internal.junit.runner.TestExecution.run(TestExecution.java:38) [.cp/:na]
	at org.eclipse.jdt.internal.junit.runner.RemoteTestRunner.runTests(RemoteTestRunner.java:459) [.cp/:na]
	at org.eclipse.jdt.internal.junit.runner.RemoteTestRunner.runTests(RemoteTestRunner.java:675) [.cp/:na]
	at org.eclipse.jdt.internal.junit.runner.RemoteTestRunner.run(RemoteTestRunner.java:382) [.cp/:na]
	at org.eclipse.jdt.internal.junit.runner.RemoteTestRunner.main(RemoteTestRunner.java:192) [.cp/:na]
Caused by: org.springframework.beans.factory.BeanDefinitionStoreException: Failed to parse configuration class [pl.java.scalatech.config.PropertiesLoader]; nested exception is java.io.FileNotFoundException: class path resource [spring-data.properties] cannot be opened because it does not exist
	at org.springframework.context.annotation.ConfigurationClassParser.parse(ConfigurationClassParser.java:181) ~[spring-context-4.2.4.RELEASE.jar:4.2.4.RELEASE]
	at org.springframework.context.annotation.ConfigurationClassPostProcessor.processConfigBeanDefinitions(ConfigurationClassPostProcessor.java:321) ~[spring-context-4.2.4.RELEASE.jar:4.2.4.RELEASE]
	at org.springframework.context.annotation.ConfigurationClassPostProcessor.postProcessBeanDefinitionRegistry(ConfigurationClassPostProcessor.java:243) ~[spring-context-4.2.4.RELEASE.jar:4.2.4.RELEASE]
	at org.springframework.context.support.PostProcessorRegistrationDelegate.invokeBeanDefinitionRegistryPostProcessors(PostProcessorRegistrationDelegate.java:273) ~[spring-context-4.2.4.RELEASE.jar:4.2.4.RELEASE]
	at org.springframework.context.support.PostProcessorRegistrationDelegate.invokeBeanFactoryPostProcessors(PostProcessorRegistrationDelegate.java:98) ~[spring-context-4.2.4.RELEASE.jar:4.2.4.RELEASE]
	at org.springframework.context.support.AbstractApplicationContext.invokeBeanFactoryPostProcessors(AbstractApplicationContext.java:678) ~[spring-context-4.2.4.RELEASE.jar:4.2.4.RELEASE]
	at org.springframework.context.support.AbstractApplicationContext.refresh(AbstractApplicationContext.java:520) ~[spring-context-4.2.4.RELEASE.jar:4.2.4.RELEASE]
	at org.springframework.test.context.support.AbstractGenericContextLoader.loadContext(AbstractGenericContextLoader.java:125) ~[spring-test-4.2.4.RELEASE.jar:4.2.4.RELEASE]
	at org.springframework.test.context.support.AbstractGenericContextLoader.loadContext(AbstractGenericContextLoader.java:60) ~[spring-test-4.2.4.RELEASE.jar:4.2.4.RELEASE]
	at org.springframework.test.context.support.AbstractDelegatingSmartContextLoader.delegateLoading(AbstractDelegatingSmartContextLoader.java:109) ~[spring-test-4.2.4.RELEASE.jar:4.2.4.RELEASE]
	at org.springframework.test.context.support.AbstractDelegatingSmartContextLoader.loadContext(AbstractDelegatingSmartContextLoader.java:261) ~[spring-test-4.2.4.RELEASE.jar:4.2.4.RELEASE]
	at org.springframework.test.context.cache.DefaultCacheAwareContextLoaderDelegate.loadContextInternal(DefaultCacheAwareContextLoaderDelegate.java:98) ~[spring-test-4.2.4.RELEASE.jar:4.2.4.RELEASE]
	at org.springframework.test.context.cache.DefaultCacheAwareContextLoaderDelegate.loadContext(DefaultCacheAwareContextLoaderDelegate.java:116) ~[spring-test-4.2.4.RELEASE.jar:4.2.4.RELEASE]
	... 25 common frames omitted
Caused by: java.io.FileNotFoundException: class path resource [spring-data.properties] cannot be opened because it does not exist
	at org.springframework.core.io.ClassPathResource.getInputStream(ClassPathResource.java:172) ~[spring-core-4.2.4.RELEASE.jar:4.2.4.RELEASE]
	at org.springframework.core.io.support.EncodedResource.getInputStream(EncodedResource.java:153) ~[spring-core-4.2.4.RELEASE.jar:4.2.4.RELEASE]
	at org.springframework.core.io.support.PropertiesLoaderUtils.fillProperties(PropertiesLoaderUtils.java:98) ~[spring-core-4.2.4.RELEASE.jar:4.2.4.RELEASE]
	at org.springframework.core.io.support.PropertiesLoaderUtils.fillProperties(PropertiesLoaderUtils.java:72) ~[spring-core-4.2.4.RELEASE.jar:4.2.4.RELEASE]
	at org.springframework.core.io.support.PropertiesLoaderUtils.loadProperties(PropertiesLoaderUtils.java:58) ~[spring-core-4.2.4.RELEASE.jar:4.2.4.RELEASE]
	at org.springframework.core.io.support.ResourcePropertySource.<init>(ResourcePropertySource.java:84) ~[spring-core-4.2.4.RELEASE.jar:4.2.4.RELEASE]
	at org.springframework.context.annotation.ConfigurationClassParser.processPropertySource(ConfigurationClassParser.java:360) ~[spring-context-4.2.4.RELEASE.jar:4.2.4.RELEASE]
	at org.springframework.context.annotation.ConfigurationClassParser.doProcessConfigurationClass(ConfigurationClassParser.java:254) ~[spring-context-4.2.4.RELEASE.jar:4.2.4.RELEASE]
	at org.springframework.context.annotation.ConfigurationClassParser.processConfigurationClass(ConfigurationClassParser.java:231) ~[spring-context-4.2.4.RELEASE.jar:4.2.4.RELEASE]
	at org.springframework.context.annotation.ConfigurationClassParser.parse(ConfigurationClassParser.java:198) ~[spring-context-4.2.4.RELEASE.jar:4.2.4.RELEASE]
	at org.springframework.context.annotation.ConfigurationClassParser.parse(ConfigurationClassParser.java:167) ~[spring-context-4.2.4.RELEASE.jar:4.2.4.RELEASE]
	... 37 common frames omitted
[INFO] 2016-05-06 10:24:39.967 [main] o.s.t.c.s.DefaultTestContextBootstrapper - [requestID: ] Loaded default TestExecutionListener class names from location [META-INF/spring.factories]: [org.springframework.test.context.web.ServletTestExecutionListener, org.springframework.test.context.support.DirtiesContextBeforeModesTestExecutionListener, org.springframework.test.context.support.DependencyInjectionTestExecutionListener, org.springframework.test.context.support.DirtiesContextTestExecutionListener, org.springframework.test.context.transaction.TransactionalTestExecutionListener, org.springframework.test.context.jdbc.SqlScriptsTestExecutionListener]
[INFO] 2016-05-06 10:24:39.985 [main] o.s.t.c.s.DefaultTestContextBootstrapper - [requestID: ] Using TestExecutionListeners: [org.springframework.test.context.web.ServletTestExecutionListener@6328d34a, org.springframework.test.context.support.DirtiesContextBeforeModesTestExecutionListener@145eaa29, org.springframework.test.context.support.DependencyInjectionTestExecutionListener@15bb6bea, org.springframework.test.context.support.DirtiesContextTestExecutionListener@8b96fde, org.springframework.test.context.transaction.TransactionalTestExecutionListener@2d2e5f00, org.springframework.test.context.jdbc.SqlScriptsTestExecutionListener@4c40b76e]
[INFO] 2016-05-06 10:24:40.152 [main] o.s.c.s.GenericApplicationContext - [requestID: ] Refreshing org.springframework.context.support.GenericApplicationContext@2b6856dd: startup date [Fri May 06 10:24:40 CEST 2016]; root of context hierarchy
[INFO] 2016-05-06 10:24:40.478 [main] p.j.s.config.PropertiesLoader - [requestID: ] +++  propertySource -> prop profile launch
[WARN] 2016-05-06 10:24:40.566 [main] o.s.c.s.GenericApplicationContext - [requestID: ] Exception encountered during context initialization - cancelling refresh attempt: org.springframework.beans.factory.BeanCreationException: Error creating bean with name 'jpaMappingContext': Invocation of init method failed; nested exception is java.lang.IllegalArgumentException: At least one JPA metamodel must be present!
[ERROR] 2016-05-06 10:24:40.585 [main] o.s.test.context.TestContextManager - [requestID: ] Caught exception while allowing TestExecutionListener [org.springframework.test.context.support.DependencyInjectionTestExecutionListener@15bb6bea] to prepare test instance [pl.java.scalatech.exercise.jpql.JpqlTest@27912e3]
java.lang.IllegalStateException: Failed to load ApplicationContext
	at org.springframework.test.context.cache.DefaultCacheAwareContextLoaderDelegate.loadContext(DefaultCacheAwareContextLoaderDelegate.java:124) ~[spring-test-4.2.4.RELEASE.jar:4.2.4.RELEASE]
	at org.springframework.test.context.support.DefaultTestContext.getApplicationContext(DefaultTestContext.java:83) ~[spring-test-4.2.4.RELEASE.jar:4.2.4.RELEASE]
	at org.springframework.test.context.support.DependencyInjectionTestExecutionListener.injectDependencies(DependencyInjectionTestExecutionListener.java:117) ~[spring-test-4.2.4.RELEASE.jar:4.2.4.RELEASE]
	at org.springframework.test.context.support.DependencyInjectionTestExecutionListener.prepareTestInstance(DependencyInjectionTestExecutionListener.java:83) ~[spring-test-4.2.4.RELEASE.jar:4.2.4.RELEASE]
	at org.springframework.test.context.TestContextManager.prepareTestInstance(TestContextManager.java:228) ~[spring-test-4.2.4.RELEASE.jar:4.2.4.RELEASE]
	at org.springframework.test.context.junit4.SpringJUnit4ClassRunner.createTest(SpringJUnit4ClassRunner.java:230) [spring-test-4.2.4.RELEASE.jar:4.2.4.RELEASE]
	at org.springframework.test.context.junit4.SpringJUnit4ClassRunner$1.runReflectiveCall(SpringJUnit4ClassRunner.java:289) [spring-test-4.2.4.RELEASE.jar:4.2.4.RELEASE]
	at org.junit.internal.runners.model.ReflectiveCallable.run(ReflectiveCallable.java:12) [junit-4.12.jar:4.12]
	at org.springframework.test.context.junit4.SpringJUnit4ClassRunner.methodBlock(SpringJUnit4ClassRunner.java:291) [spring-test-4.2.4.RELEASE.jar:4.2.4.RELEASE]
	at org.springframework.test.context.junit4.SpringJUnit4ClassRunner.runChild(SpringJUnit4ClassRunner.java:249) [spring-test-4.2.4.RELEASE.jar:4.2.4.RELEASE]
	at org.springframework.test.context.junit4.SpringJUnit4ClassRunner.runChild(SpringJUnit4ClassRunner.java:89) [spring-test-4.2.4.RELEASE.jar:4.2.4.RELEASE]
	at org.junit.runners.ParentRunner$3.run(ParentRunner.java:290) [junit-4.12.jar:4.12]
	at org.junit.runners.ParentRunner$1.schedule(ParentRunner.java:71) [junit-4.12.jar:4.12]
	at org.junit.runners.ParentRunner.runChildren(ParentRunner.java:288) [junit-4.12.jar:4.12]
	at org.junit.runners.ParentRunner.access$000(ParentRunner.java:58) [junit-4.12.jar:4.12]
	at org.junit.runners.ParentRunner$2.evaluate(ParentRunner.java:268) [junit-4.12.jar:4.12]
	at org.springframework.test.context.junit4.statements.RunBeforeTestClassCallbacks.evaluate(RunBeforeTestClassCallbacks.java:61) [spring-test-4.2.4.RELEASE.jar:4.2.4.RELEASE]
	at org.springframework.test.context.junit4.statements.RunAfterTestClassCallbacks.evaluate(RunAfterTestClassCallbacks.java:70) [spring-test-4.2.4.RELEASE.jar:4.2.4.RELEASE]
	at org.junit.runners.ParentRunner.run(ParentRunner.java:363) [junit-4.12.jar:4.12]
	at org.springframework.test.context.junit4.SpringJUnit4ClassRunner.run(SpringJUnit4ClassRunner.java:193) [spring-test-4.2.4.RELEASE.jar:4.2.4.RELEASE]
	at org.eclipse.jdt.internal.junit4.runner.JUnit4TestReference.run(JUnit4TestReference.java:86) [.cp/:na]
	at org.eclipse.jdt.internal.junit.runner.TestExecution.run(TestExecution.java:38) [.cp/:na]
	at org.eclipse.jdt.internal.junit.runner.RemoteTestRunner.runTests(RemoteTestRunner.java:459) [.cp/:na]
	at org.eclipse.jdt.internal.junit.runner.RemoteTestRunner.runTests(RemoteTestRunner.java:675) [.cp/:na]
	at org.eclipse.jdt.internal.junit.runner.RemoteTestRunner.run(RemoteTestRunner.java:382) [.cp/:na]
	at org.eclipse.jdt.internal.junit.runner.RemoteTestRunner.main(RemoteTestRunner.java:192) [.cp/:na]
Caused by: org.springframework.beans.factory.BeanCreationException: Error creating bean with name 'jpaMappingContext': Invocation of init method failed; nested exception is java.lang.IllegalArgumentException: At least one JPA metamodel must be present!
	at org.springframework.beans.factory.support.AbstractAutowireCapableBeanFactory.initializeBean(AbstractAutowireCapableBeanFactory.java:1578) ~[spring-beans-4.2.4.RELEASE.jar:4.2.4.RELEASE]
	at org.springframework.beans.factory.support.AbstractAutowireCapableBeanFactory.doCreateBean(AbstractAutowireCapableBeanFactory.java:545) ~[spring-beans-4.2.4.RELEASE.jar:4.2.4.RELEASE]
	at org.springframework.beans.factory.support.AbstractAutowireCapableBeanFactory.createBean(AbstractAutowireCapableBeanFactory.java:482) ~[spring-beans-4.2.4.RELEASE.jar:4.2.4.RELEASE]
	at org.springframework.beans.factory.support.AbstractBeanFactory$1.getObject(AbstractBeanFactory.java:306) ~[spring-beans-4.2.4.RELEASE.jar:4.2.4.RELEASE]
	at org.springframework.beans.factory.support.DefaultSingletonBeanRegistry.getSingleton(DefaultSingletonBeanRegistry.java:230) ~[spring-beans-4.2.4.RELEASE.jar:4.2.4.RELEASE]
	at org.springframework.beans.factory.support.AbstractBeanFactory.doGetBean(AbstractBeanFactory.java:302) ~[spring-beans-4.2.4.RELEASE.jar:4.2.4.RELEASE]
	at org.springframework.beans.factory.support.AbstractBeanFactory.getBean(AbstractBeanFactory.java:197) ~[spring-beans-4.2.4.RELEASE.jar:4.2.4.RELEASE]
	at org.springframework.beans.factory.support.DefaultListableBeanFactory.preInstantiateSingletons(DefaultListableBeanFactory.java:753) ~[spring-beans-4.2.4.RELEASE.jar:4.2.4.RELEASE]
	at org.springframework.context.support.AbstractApplicationContext.finishBeanFactoryInitialization(AbstractApplicationContext.java:839) ~[spring-context-4.2.4.RELEASE.jar:4.2.4.RELEASE]
	at org.springframework.context.support.AbstractApplicationContext.refresh(AbstractApplicationContext.java:538) ~[spring-context-4.2.4.RELEASE.jar:4.2.4.RELEASE]
	at org.springframework.test.context.support.AbstractGenericContextLoader.loadContext(AbstractGenericContextLoader.java:125) ~[spring-test-4.2.4.RELEASE.jar:4.2.4.RELEASE]
	at org.springframework.test.context.support.AbstractGenericContextLoader.loadContext(AbstractGenericContextLoader.java:60) ~[spring-test-4.2.4.RELEASE.jar:4.2.4.RELEASE]
	at org.springframework.test.context.support.AbstractDelegatingSmartContextLoader.delegateLoading(AbstractDelegatingSmartContextLoader.java:109) ~[spring-test-4.2.4.RELEASE.jar:4.2.4.RELEASE]
	at org.springframework.test.context.support.AbstractDelegatingSmartContextLoader.loadContext(AbstractDelegatingSmartContextLoader.java:261) ~[spring-test-4.2.4.RELEASE.jar:4.2.4.RELEASE]
	at org.springframework.test.context.cache.DefaultCacheAwareContextLoaderDelegate.loadContextInternal(DefaultCacheAwareContextLoaderDelegate.java:98) ~[spring-test-4.2.4.RELEASE.jar:4.2.4.RELEASE]
	at org.springframework.test.context.cache.DefaultCacheAwareContextLoaderDelegate.loadContext(DefaultCacheAwareContextLoaderDelegate.java:116) ~[spring-test-4.2.4.RELEASE.jar:4.2.4.RELEASE]
	... 25 common frames omitted
Caused by: java.lang.IllegalArgumentException: At least one JPA metamodel must be present!
	at org.springframework.util.Assert.notEmpty(Assert.java:276) ~[spring-core-4.2.4.RELEASE.jar:4.2.4.RELEASE]
	at org.springframework.data.jpa.mapping.JpaMetamodelMappingContext.<init>(JpaMetamodelMappingContext.java:52) ~[spring-data-jpa-1.9.4.RELEASE.jar:na]
	at org.springframework.data.jpa.repository.config.JpaMetamodelMappingContextFactoryBean.createInstance(JpaMetamodelMappingContextFactoryBean.java:71) ~[spring-data-jpa-1.9.4.RELEASE.jar:na]
	at org.springframework.data.jpa.repository.config.JpaMetamodelMappingContextFactoryBean.createInstance(JpaMetamodelMappingContextFactoryBean.java:26) ~[spring-data-jpa-1.9.4.RELEASE.jar:na]
	at org.springframework.beans.factory.config.AbstractFactoryBean.afterPropertiesSet(AbstractFactoryBean.java:134) ~[spring-beans-4.2.4.RELEASE.jar:4.2.4.RELEASE]
	at org.springframework.beans.factory.support.AbstractAutowireCapableBeanFactory.invokeInitMethods(AbstractAutowireCapableBeanFactory.java:1637) ~[spring-beans-4.2.4.RELEASE.jar:4.2.4.RELEASE]
	at org.springframework.beans.factory.support.AbstractAutowireCapableBeanFactory.initializeBean(AbstractAutowireCapableBeanFactory.java:1574) ~[spring-beans-4.2.4.RELEASE.jar:4.2.4.RELEASE]
	... 40 common frames omitted
[INFO] 2016-05-06 10:26:11.448 [main] o.s.t.c.s.DefaultTestContextBootstrapper - [requestID: ] Loaded default TestExecutionListener class names from location [META-INF/spring.factories]: [org.springframework.test.context.web.ServletTestExecutionListener, org.springframework.test.context.support.DirtiesContextBeforeModesTestExecutionListener, org.springframework.test.context.support.DependencyInjectionTestExecutionListener, org.springframework.test.context.support.DirtiesContextTestExecutionListener, org.springframework.test.context.transaction.TransactionalTestExecutionListener, org.springframework.test.context.jdbc.SqlScriptsTestExecutionListener]
[INFO] 2016-05-06 10:26:11.467 [main] o.s.t.c.s.DefaultTestContextBootstrapper - [requestID: ] Using TestExecutionListeners: [org.springframework.test.context.web.ServletTestExecutionListener@6328d34a, org.springframework.test.context.support.DirtiesContextBeforeModesTestExecutionListener@145eaa29, org.springframework.test.context.support.DependencyInjectionTestExecutionListener@15bb6bea, org.springframework.test.context.support.DirtiesContextTestExecutionListener@8b96fde, org.springframework.test.context.transaction.TransactionalTestExecutionListener@2d2e5f00, org.springframework.test.context.jdbc.SqlScriptsTestExecutionListener@4c40b76e]
[INFO] 2016-05-06 10:26:11.627 [main] o.s.c.s.GenericApplicationContext - [requestID: ] Refreshing org.springframework.context.support.GenericApplicationContext@2b6856dd: startup date [Fri May 06 10:26:11 CEST 2016]; root of context hierarchy
[INFO] 2016-05-06 10:26:12.153 [main] p.j.s.config.PropertiesLoader - [requestID: ] +++  propertySource -> prop profile launch
[INFO] 2016-05-06 10:26:12.325 [main] o.h.validator.internal.util.Version - [requestID: ] HV000001: Hibernate Validator 5.3.0.Alpha1
[INFO] 2016-05-06 10:26:12.806 [main] o.s.o.j.LocalContainerEntityManagerFactoryBean - [requestID: ] Building JPA container EntityManagerFactory for persistence unit 'default'
[INFO] 2016-05-06 10:26:12.828 [main] o.h.jpa.internal.util.LogHelper - [requestID: ] HHH000204: Processing PersistenceUnitInfo [
	name: default
	...]
[INFO] 2016-05-06 10:26:12.896 [main] org.hibernate.Version - [requestID: ] HHH000412: Hibernate Core {5.1.0.Final}
[INFO] 2016-05-06 10:26:12.897 [main] org.hibernate.cfg.Environment - [requestID: ] HHH000206: hibernate.properties not found
[INFO] 2016-05-06 10:26:12.900 [main] org.hibernate.cfg.Environment - [requestID: ] HHH000021: Bytecode provider name : javassist
[INFO] 2016-05-06 10:26:12.939 [main] o.h.annotations.common.Version - [requestID: ] HCANN000001: Hibernate Commons Annotations {5.0.1.Final}
[WARN] 2016-05-06 10:26:12.948 [main] org.hibernate.orm.deprecation - [requestID: ] HHH90000006: Attempted to specify unsupported NamingStrategy via setting [hibernate.ejb.naming_strategy]; NamingStrategy has been removed in favor of the split ImplicitNamingStrategy and PhysicalNamingStrategy; use [hibernate.implicit_naming_strategy] or [hibernate.physical_naming_strategy], respectively, instead.
[INFO] 2016-05-06 10:26:13.338 [main] org.hibernate.dialect.Dialect - [requestID: ] HHH000400: Using dialect: org.hibernate.dialect.H2Dialect
[INFO] 2016-05-06 10:26:14.081 [main] o.h.t.s.e.i.InformationExtractorJdbcDatabaseMetaDataImpl - [requestID: ] HHH000262: Table not found: Company
[INFO] 2016-05-06 10:26:14.083 [main] o.h.t.s.e.i.InformationExtractorJdbcDatabaseMetaDataImpl - [requestID: ] HHH000262: Table not found: Company
[INFO] 2016-05-06 10:26:14.090 [main] o.h.t.s.e.i.InformationExtractorJdbcDatabaseMetaDataImpl - [requestID: ] HHH000262: Table not found: Company_Department
[INFO] 2016-05-06 10:26:14.092 [main] o.h.t.s.e.i.InformationExtractorJdbcDatabaseMetaDataImpl - [requestID: ] HHH000262: Table not found: Company_Department
[INFO] 2016-05-06 10:26:14.094 [main] o.h.t.s.e.i.InformationExtractorJdbcDatabaseMetaDataImpl - [requestID: ] HHH000262: Table not found: Department
[INFO] 2016-05-06 10:26:14.096 [main] o.h.t.s.e.i.InformationExtractorJdbcDatabaseMetaDataImpl - [requestID: ] HHH000262: Table not found: Department
[INFO] 2016-05-06 10:26:14.098 [main] o.h.t.s.e.i.InformationExtractorJdbcDatabaseMetaDataImpl - [requestID: ] HHH000262: Table not found: Employee
[INFO] 2016-05-06 10:26:14.100 [main] o.h.t.s.e.i.InformationExtractorJdbcDatabaseMetaDataImpl - [requestID: ] HHH000262: Table not found: Employee
[WARN] 2016-05-06 10:26:14.425 [main] o.s.c.s.GenericApplicationContext - [requestID: ] Exception encountered during context initialization - cancelling refresh attempt: org.springframework.beans.factory.BeanCreationException: Error creating bean with name 'jpaAuditingHandler': Cannot create inner bean '(inner bean)#6025d790' of type [org.springframework.aop.framework.ProxyFactoryBean] while setting bean property 'auditorAware'; nested exception is org.springframework.beans.factory.BeanCreationException: Error creating bean with name '(inner bean)#6025d790': Initialization of bean failed; nested exception is org.springframework.beans.factory.NoSuchBeanDefinitionException: No bean named 'springSecurityAuditorAware' is defined
[INFO] 2016-05-06 10:26:14.426 [main] o.s.o.j.LocalContainerEntityManagerFactoryBean - [requestID: ] Closing JPA EntityManagerFactory for persistence unit 'default'
[ERROR] 2016-05-06 10:26:14.433 [main] o.s.test.context.TestContextManager - [requestID: ] Caught exception while allowing TestExecutionListener [org.springframework.test.context.support.DependencyInjectionTestExecutionListener@15bb6bea] to prepare test instance [pl.java.scalatech.exercise.jpql.JpqlTest@991cbde]
java.lang.IllegalStateException: Failed to load ApplicationContext
	at org.springframework.test.context.cache.DefaultCacheAwareContextLoaderDelegate.loadContext(DefaultCacheAwareContextLoaderDelegate.java:124) ~[spring-test-4.2.4.RELEASE.jar:4.2.4.RELEASE]
	at org.springframework.test.context.support.DefaultTestContext.getApplicationContext(DefaultTestContext.java:83) ~[spring-test-4.2.4.RELEASE.jar:4.2.4.RELEASE]
	at org.springframework.test.context.support.DependencyInjectionTestExecutionListener.injectDependencies(DependencyInjectionTestExecutionListener.java:117) ~[spring-test-4.2.4.RELEASE.jar:4.2.4.RELEASE]
	at org.springframework.test.context.support.DependencyInjectionTestExecutionListener.prepareTestInstance(DependencyInjectionTestExecutionListener.java:83) ~[spring-test-4.2.4.RELEASE.jar:4.2.4.RELEASE]
	at org.springframework.test.context.TestContextManager.prepareTestInstance(TestContextManager.java:228) ~[spring-test-4.2.4.RELEASE.jar:4.2.4.RELEASE]
	at org.springframework.test.context.junit4.SpringJUnit4ClassRunner.createTest(SpringJUnit4ClassRunner.java:230) [spring-test-4.2.4.RELEASE.jar:4.2.4.RELEASE]
	at org.springframework.test.context.junit4.SpringJUnit4ClassRunner$1.runReflectiveCall(SpringJUnit4ClassRunner.java:289) [spring-test-4.2.4.RELEASE.jar:4.2.4.RELEASE]
	at org.junit.internal.runners.model.ReflectiveCallable.run(ReflectiveCallable.java:12) [junit-4.12.jar:4.12]
	at org.springframework.test.context.junit4.SpringJUnit4ClassRunner.methodBlock(SpringJUnit4ClassRunner.java:291) [spring-test-4.2.4.RELEASE.jar:4.2.4.RELEASE]
	at org.springframework.test.context.junit4.SpringJUnit4ClassRunner.runChild(SpringJUnit4ClassRunner.java:249) [spring-test-4.2.4.RELEASE.jar:4.2.4.RELEASE]
	at org.springframework.test.context.junit4.SpringJUnit4ClassRunner.runChild(SpringJUnit4ClassRunner.java:89) [spring-test-4.2.4.RELEASE.jar:4.2.4.RELEASE]
	at org.junit.runners.ParentRunner$3.run(ParentRunner.java:290) [junit-4.12.jar:4.12]
	at org.junit.runners.ParentRunner$1.schedule(ParentRunner.java:71) [junit-4.12.jar:4.12]
	at org.junit.runners.ParentRunner.runChildren(ParentRunner.java:288) [junit-4.12.jar:4.12]
	at org.junit.runners.ParentRunner.access$000(ParentRunner.java:58) [junit-4.12.jar:4.12]
	at org.junit.runners.ParentRunner$2.evaluate(ParentRunner.java:268) [junit-4.12.jar:4.12]
	at org.springframework.test.context.junit4.statements.RunBeforeTestClassCallbacks.evaluate(RunBeforeTestClassCallbacks.java:61) [spring-test-4.2.4.RELEASE.jar:4.2.4.RELEASE]
	at org.springframework.test.context.junit4.statements.RunAfterTestClassCallbacks.evaluate(RunAfterTestClassCallbacks.java:70) [spring-test-4.2.4.RELEASE.jar:4.2.4.RELEASE]
	at org.junit.runners.ParentRunner.run(ParentRunner.java:363) [junit-4.12.jar:4.12]
	at org.springframework.test.context.junit4.SpringJUnit4ClassRunner.run(SpringJUnit4ClassRunner.java:193) [spring-test-4.2.4.RELEASE.jar:4.2.4.RELEASE]
	at org.eclipse.jdt.internal.junit4.runner.JUnit4TestReference.run(JUnit4TestReference.java:86) [.cp/:na]
	at org.eclipse.jdt.internal.junit.runner.TestExecution.run(TestExecution.java:38) [.cp/:na]
	at org.eclipse.jdt.internal.junit.runner.RemoteTestRunner.runTests(RemoteTestRunner.java:459) [.cp/:na]
	at org.eclipse.jdt.internal.junit.runner.RemoteTestRunner.runTests(RemoteTestRunner.java:675) [.cp/:na]
	at org.eclipse.jdt.internal.junit.runner.RemoteTestRunner.run(RemoteTestRunner.java:382) [.cp/:na]
	at org.eclipse.jdt.internal.junit.runner.RemoteTestRunner.main(RemoteTestRunner.java:192) [.cp/:na]
Caused by: org.springframework.beans.factory.BeanCreationException: Error creating bean with name 'jpaAuditingHandler': Cannot create inner bean '(inner bean)#6025d790' of type [org.springframework.aop.framework.ProxyFactoryBean] while setting bean property 'auditorAware'; nested exception is org.springframework.beans.factory.BeanCreationException: Error creating bean with name '(inner bean)#6025d790': Initialization of bean failed; nested exception is org.springframework.beans.factory.NoSuchBeanDefinitionException: No bean named 'springSecurityAuditorAware' is defined
	at org.springframework.beans.factory.support.BeanDefinitionValueResolver.resolveInnerBean(BeanDefinitionValueResolver.java:313) ~[spring-beans-4.2.4.RELEASE.jar:4.2.4.RELEASE]
	at org.springframework.beans.factory.support.BeanDefinitionValueResolver.resolveValueIfNecessary(BeanDefinitionValueResolver.java:129) ~[spring-beans-4.2.4.RELEASE.jar:4.2.4.RELEASE]
	at org.springframework.beans.factory.support.AbstractAutowireCapableBeanFactory.applyPropertyValues(AbstractAutowireCapableBeanFactory.java:1481) ~[spring-beans-4.2.4.RELEASE.jar:4.2.4.RELEASE]
	at org.springframework.beans.factory.support.AbstractAutowireCapableBeanFactory.populateBean(AbstractAutowireCapableBeanFactory.java:1226) ~[spring-beans-4.2.4.RELEASE.jar:4.2.4.RELEASE]
	at org.springframework.beans.factory.support.AbstractAutowireCapableBeanFactory.doCreateBean(AbstractAutowireCapableBeanFactory.java:543) ~[spring-beans-4.2.4.RELEASE.jar:4.2.4.RELEASE]
	at org.springframework.beans.factory.support.AbstractAutowireCapableBeanFactory.createBean(AbstractAutowireCapableBeanFactory.java:482) ~[spring-beans-4.2.4.RELEASE.jar:4.2.4.RELEASE]
	at org.springframework.beans.factory.support.AbstractBeanFactory$1.getObject(AbstractBeanFactory.java:306) ~[spring-beans-4.2.4.RELEASE.jar:4.2.4.RELEASE]
	at org.springframework.beans.factory.support.DefaultSingletonBeanRegistry.getSingleton(DefaultSingletonBeanRegistry.java:230) ~[spring-beans-4.2.4.RELEASE.jar:4.2.4.RELEASE]
	at org.springframework.beans.factory.support.AbstractBeanFactory.doGetBean(AbstractBeanFactory.java:302) ~[spring-beans-4.2.4.RELEASE.jar:4.2.4.RELEASE]
	at org.springframework.beans.factory.support.AbstractBeanFactory.getBean(AbstractBeanFactory.java:197) ~[spring-beans-4.2.4.RELEASE.jar:4.2.4.RELEASE]
	at org.springframework.beans.factory.support.DefaultListableBeanFactory.preInstantiateSingletons(DefaultListableBeanFactory.java:772) ~[spring-beans-4.2.4.RELEASE.jar:4.2.4.RELEASE]
	at org.springframework.context.support.AbstractApplicationContext.finishBeanFactoryInitialization(AbstractApplicationContext.java:839) ~[spring-context-4.2.4.RELEASE.jar:4.2.4.RELEASE]
	at org.springframework.context.support.AbstractApplicationContext.refresh(AbstractApplicationContext.java:538) ~[spring-context-4.2.4.RELEASE.jar:4.2.4.RELEASE]
	at org.springframework.test.context.support.AbstractGenericContextLoader.loadContext(AbstractGenericContextLoader.java:125) ~[spring-test-4.2.4.RELEASE.jar:4.2.4.RELEASE]
	at org.springframework.test.context.support.AbstractGenericContextLoader.loadContext(AbstractGenericContextLoader.java:60) ~[spring-test-4.2.4.RELEASE.jar:4.2.4.RELEASE]
	at org.springframework.test.context.support.AbstractDelegatingSmartContextLoader.delegateLoading(AbstractDelegatingSmartContextLoader.java:109) ~[spring-test-4.2.4.RELEASE.jar:4.2.4.RELEASE]
	at org.springframework.test.context.support.AbstractDelegatingSmartContextLoader.loadContext(AbstractDelegatingSmartContextLoader.java:261) ~[spring-test-4.2.4.RELEASE.jar:4.2.4.RELEASE]
	at org.springframework.test.context.cache.DefaultCacheAwareContextLoaderDelegate.loadContextInternal(DefaultCacheAwareContextLoaderDelegate.java:98) ~[spring-test-4.2.4.RELEASE.jar:4.2.4.RELEASE]
	at org.springframework.test.context.cache.DefaultCacheAwareContextLoaderDelegate.loadContext(DefaultCacheAwareContextLoaderDelegate.java:116) ~[spring-test-4.2.4.RELEASE.jar:4.2.4.RELEASE]
	... 25 common frames omitted
Caused by: org.springframework.beans.factory.BeanCreationException: Error creating bean with name '(inner bean)#6025d790': Initialization of bean failed; nested exception is org.springframework.beans.factory.NoSuchBeanDefinitionException: No bean named 'springSecurityAuditorAware' is defined
	at org.springframework.beans.factory.support.AbstractAutowireCapableBeanFactory.doCreateBean(AbstractAutowireCapableBeanFactory.java:553) ~[spring-beans-4.2.4.RELEASE.jar:4.2.4.RELEASE]
	at org.springframework.beans.factory.support.AbstractAutowireCapableBeanFactory.createBean(AbstractAutowireCapableBeanFactory.java:482) ~[spring-beans-4.2.4.RELEASE.jar:4.2.4.RELEASE]
	at org.springframework.beans.factory.support.BeanDefinitionValueResolver.resolveInnerBean(BeanDefinitionValueResolver.java:299) ~[spring-beans-4.2.4.RELEASE.jar:4.2.4.RELEASE]
	... 43 common frames omitted
Caused by: org.springframework.beans.factory.NoSuchBeanDefinitionException: No bean named 'springSecurityAuditorAware' is defined
	at org.springframework.beans.factory.support.DefaultListableBeanFactory.getBeanDefinition(DefaultListableBeanFactory.java:698) ~[spring-beans-4.2.4.RELEASE.jar:4.2.4.RELEASE]
	at org.springframework.beans.factory.support.AbstractBeanFactory.getMergedLocalBeanDefinition(AbstractBeanFactory.java:1175) ~[spring-beans-4.2.4.RELEASE.jar:4.2.4.RELEASE]
	at org.springframework.beans.factory.support.AbstractBeanFactory.getType(AbstractBeanFactory.java:596) ~[spring-beans-4.2.4.RELEASE.jar:4.2.4.RELEASE]
	at org.springframework.aop.target.AbstractBeanFactoryBasedTargetSource.getTargetClass(AbstractBeanFactoryBasedTargetSource.java:126) ~[spring-aop-4.2.4.RELEASE.jar:4.2.4.RELEASE]
	at org.springframework.aop.framework.AdvisedSupport.getTargetClass(AdvisedSupport.java:168) ~[spring-aop-4.2.4.RELEASE.jar:4.2.4.RELEASE]
	at org.springframework.aop.support.AopUtils.getTargetClass(AopUtils.java:107) ~[spring-aop-4.2.4.RELEASE.jar:4.2.4.RELEASE]
	at org.springframework.aop.framework.AbstractAdvisingBeanPostProcessor.postProcessAfterInitialization(AbstractAdvisingBeanPostProcessor.java:71) ~[spring-aop-4.2.4.RELEASE.jar:4.2.4.RELEASE]
	at org.springframework.beans.factory.support.AbstractAutowireCapableBeanFactory.applyBeanPostProcessorsAfterInitialization(AbstractAutowireCapableBeanFactory.java:422) ~[spring-beans-4.2.4.RELEASE.jar:4.2.4.RELEASE]
	at org.springframework.beans.factory.support.AbstractAutowireCapableBeanFactory.initializeBean(AbstractAutowireCapableBeanFactory.java:1583) ~[spring-beans-4.2.4.RELEASE.jar:4.2.4.RELEASE]
	at org.springframework.beans.factory.support.AbstractAutowireCapableBeanFactory.doCreateBean(AbstractAutowireCapableBeanFactory.java:545) ~[spring-beans-4.2.4.RELEASE.jar:4.2.4.RELEASE]
	... 45 common frames omitted
[INFO] 2016-05-06 10:27:01.368 [main] o.s.t.c.s.DefaultTestContextBootstrapper - [requestID: ] Loaded default TestExecutionListener class names from location [META-INF/spring.factories]: [org.springframework.test.context.web.ServletTestExecutionListener, org.springframework.test.context.support.DirtiesContextBeforeModesTestExecutionListener, org.springframework.test.context.support.DependencyInjectionTestExecutionListener, org.springframework.test.context.support.DirtiesContextTestExecutionListener, org.springframework.test.context.transaction.TransactionalTestExecutionListener, org.springframework.test.context.jdbc.SqlScriptsTestExecutionListener]
[INFO] 2016-05-06 10:27:01.393 [main] o.s.t.c.s.DefaultTestContextBootstrapper - [requestID: ] Using TestExecutionListeners: [org.springframework.test.context.web.ServletTestExecutionListener@6328d34a, org.springframework.test.context.support.DirtiesContextBeforeModesTestExecutionListener@145eaa29, org.springframework.test.context.support.DependencyInjectionTestExecutionListener@15bb6bea, org.springframework.test.context.support.DirtiesContextTestExecutionListener@8b96fde, org.springframework.test.context.transaction.TransactionalTestExecutionListener@2d2e5f00, org.springframework.test.context.jdbc.SqlScriptsTestExecutionListener@4c40b76e]
[INFO] 2016-05-06 10:27:01.559 [main] o.s.c.s.GenericApplicationContext - [requestID: ] Refreshing org.springframework.context.support.GenericApplicationContext@2b6856dd: startup date [Fri May 06 10:27:01 CEST 2016]; root of context hierarchy
[INFO] 2016-05-06 10:27:01.970 [main] p.j.s.config.PropertiesLoader - [requestID: ] +++  propertySource -> prop profile launch
[INFO] 2016-05-06 10:27:02.110 [main] o.h.validator.internal.util.Version - [requestID: ] HV000001: Hibernate Validator 5.3.0.Alpha1
[INFO] 2016-05-06 10:27:02.557 [main] o.s.o.j.LocalContainerEntityManagerFactoryBean - [requestID: ] Building JPA container EntityManagerFactory for persistence unit 'default'
[INFO] 2016-05-06 10:27:02.575 [main] o.h.jpa.internal.util.LogHelper - [requestID: ] HHH000204: Processing PersistenceUnitInfo [
	name: default
	...]
[INFO] 2016-05-06 10:27:02.645 [main] org.hibernate.Version - [requestID: ] HHH000412: Hibernate Core {5.1.0.Final}
[INFO] 2016-05-06 10:27:02.647 [main] org.hibernate.cfg.Environment - [requestID: ] HHH000206: hibernate.properties not found
[INFO] 2016-05-06 10:27:02.649 [main] org.hibernate.cfg.Environment - [requestID: ] HHH000021: Bytecode provider name : javassist
[INFO] 2016-05-06 10:27:02.702 [main] o.h.annotations.common.Version - [requestID: ] HCANN000001: Hibernate Commons Annotations {5.0.1.Final}
[WARN] 2016-05-06 10:27:02.715 [main] org.hibernate.orm.deprecation - [requestID: ] HHH90000006: Attempted to specify unsupported NamingStrategy via setting [hibernate.ejb.naming_strategy]; NamingStrategy has been removed in favor of the split ImplicitNamingStrategy and PhysicalNamingStrategy; use [hibernate.implicit_naming_strategy] or [hibernate.physical_naming_strategy], respectively, instead.
[INFO] 2016-05-06 10:27:03.160 [main] org.hibernate.dialect.Dialect - [requestID: ] HHH000400: Using dialect: org.hibernate.dialect.H2Dialect
[INFO] 2016-05-06 10:27:03.883 [main] o.h.t.s.e.i.InformationExtractorJdbcDatabaseMetaDataImpl - [requestID: ] HHH000262: Table not found: Company
[INFO] 2016-05-06 10:27:03.885 [main] o.h.t.s.e.i.InformationExtractorJdbcDatabaseMetaDataImpl - [requestID: ] HHH000262: Table not found: Company
[INFO] 2016-05-06 10:27:03.892 [main] o.h.t.s.e.i.InformationExtractorJdbcDatabaseMetaDataImpl - [requestID: ] HHH000262: Table not found: Company_Department
[INFO] 2016-05-06 10:27:03.893 [main] o.h.t.s.e.i.InformationExtractorJdbcDatabaseMetaDataImpl - [requestID: ] HHH000262: Table not found: Company_Department
[INFO] 2016-05-06 10:27:03.895 [main] o.h.t.s.e.i.InformationExtractorJdbcDatabaseMetaDataImpl - [requestID: ] HHH000262: Table not found: Department
[INFO] 2016-05-06 10:27:03.897 [main] o.h.t.s.e.i.InformationExtractorJdbcDatabaseMetaDataImpl - [requestID: ] HHH000262: Table not found: Department
[INFO] 2016-05-06 10:27:03.899 [main] o.h.t.s.e.i.InformationExtractorJdbcDatabaseMetaDataImpl - [requestID: ] HHH000262: Table not found: Employee
[INFO] 2016-05-06 10:27:03.901 [main] o.h.t.s.e.i.InformationExtractorJdbcDatabaseMetaDataImpl - [requestID: ] HHH000262: Table not found: Employee
[DEBUG] 2016-05-06 10:27:04.277 [main] o.h.s.internal.StatisticsInitiator - [requestID: ] Statistics initialized [enabled=true]
[INFO] 2016-05-06 10:27:04.285 [main] o.s.t.c.t.TransactionContext - [requestID: ] Began transaction (1) for test context [DefaultTestContext@270d43a7 testClass = JpqlTest, testInstance = pl.java.scalatech.exercise.jpql.JpqlTest@1280682, testMethod = shouldBoostrap@JpqlTest, testException = [null], mergedContextConfiguration = [MergedContextConfiguration@18a19e testClass = JpqlTest, locations = '{}', classes = '{class pl.java.scalatech.config.PropertiesLoader, class pl.java.scalatech.exercise.jpql.JpaJpqlConfig}', contextInitializerClasses = '[]', activeProfiles = '{jpql}', propertySourceLocations = '{}', propertySourceProperties = '{}', contextLoader = 'org.springframework.test.context.support.DelegatingSmartContextLoader', parent = [null]]]; transaction manager [org.springframework.orm.jpa.JpaTransactionManager@41ccb3b9]; rollback [true]
[INFO] 2016-05-06 10:27:04.290 [main] o.h.e.i.StatisticalLoggingSessionEventListener - [requestID: ] Session Metrics {
    63774 nanoseconds spent acquiring 1 JDBC connections;
    0 nanoseconds spent releasing 0 JDBC connections;
    0 nanoseconds spent preparing 0 JDBC statements;
    0 nanoseconds spent executing 0 JDBC statements;
    0 nanoseconds spent executing 0 JDBC batches;
    0 nanoseconds spent performing 0 L2C puts;
    0 nanoseconds spent performing 0 L2C hits;
    0 nanoseconds spent performing 0 L2C misses;
    0 nanoseconds spent executing 0 flushes (flushing a total of 0 entities and 0 collections);
    0 nanoseconds spent executing 0 partial-flushes (flushing a total of 0 entities and 0 collections)
}
[INFO] 2016-05-06 10:27:04.292 [main] o.s.t.c.t.TransactionContext - [requestID: ] Rolled back transaction for test context [DefaultTestContext@270d43a7 testClass = JpqlTest, testInstance = pl.java.scalatech.exercise.jpql.JpqlTest@1280682, testMethod = shouldBoostrap@JpqlTest, testException = [null], mergedContextConfiguration = [MergedContextConfiguration@18a19e testClass = JpqlTest, locations = '{}', classes = '{class pl.java.scalatech.config.PropertiesLoader, class pl.java.scalatech.exercise.jpql.JpaJpqlConfig}', contextInitializerClasses = '[]', activeProfiles = '{jpql}', propertySourceLocations = '{}', propertySourceProperties = '{}', contextLoader = 'org.springframework.test.context.support.DelegatingSmartContextLoader', parent = [null]]].
[INFO] 2016-05-06 10:27:04.297 [Thread-3] o.s.c.s.GenericApplicationContext - [requestID: ] Closing org.springframework.context.support.GenericApplicationContext@2b6856dd: startup date [Fri May 06 10:27:01 CEST 2016]; root of context hierarchy
[INFO] 2016-05-06 10:27:04.299 [Thread-3] o.s.o.j.LocalContainerEntityManagerFactoryBean - [requestID: ] Closing JPA EntityManagerFactory for persistence unit 'default'
[INFO] 2016-05-06 10:28:15.816 [main] o.s.t.c.s.DefaultTestContextBootstrapper - [requestID: ] Loaded default TestExecutionListener class names from location [META-INF/spring.factories]: [org.springframework.test.context.web.ServletTestExecutionListener, org.springframework.test.context.support.DirtiesContextBeforeModesTestExecutionListener, org.springframework.test.context.support.DependencyInjectionTestExecutionListener, org.springframework.test.context.support.DirtiesContextTestExecutionListener, org.springframework.test.context.transaction.TransactionalTestExecutionListener, org.springframework.test.context.jdbc.SqlScriptsTestExecutionListener]
[INFO] 2016-05-06 10:28:15.835 [main] o.s.t.c.s.DefaultTestContextBootstrapper - [requestID: ] Using TestExecutionListeners: [org.springframework.test.context.web.ServletTestExecutionListener@6328d34a, org.springframework.test.context.support.DirtiesContextBeforeModesTestExecutionListener@145eaa29, org.springframework.test.context.support.DependencyInjectionTestExecutionListener@15bb6bea, org.springframework.test.context.support.DirtiesContextTestExecutionListener@8b96fde, org.springframework.test.context.transaction.TransactionalTestExecutionListener@2d2e5f00, org.springframework.test.context.jdbc.SqlScriptsTestExecutionListener@4c40b76e]
[INFO] 2016-05-06 10:28:15.995 [main] o.s.c.s.GenericApplicationContext - [requestID: ] Refreshing org.springframework.context.support.GenericApplicationContext@2b6856dd: startup date [Fri May 06 10:28:15 CEST 2016]; root of context hierarchy
[INFO] 2016-05-06 10:28:16.475 [main] p.j.s.config.PropertiesLoader - [requestID: ] +++  propertySource -> prop profile launch
[INFO] 2016-05-06 10:28:16.628 [main] o.h.validator.internal.util.Version - [requestID: ] HV000001: Hibernate Validator 5.3.0.Alpha1
[INFO] 2016-05-06 10:28:17.070 [main] o.s.o.j.LocalContainerEntityManagerFactoryBean - [requestID: ] Building JPA container EntityManagerFactory for persistence unit 'default'
[INFO] 2016-05-06 10:28:17.093 [main] o.h.jpa.internal.util.LogHelper - [requestID: ] HHH000204: Processing PersistenceUnitInfo [
	name: default
	...]
[INFO] 2016-05-06 10:28:17.168 [main] org.hibernate.Version - [requestID: ] HHH000412: Hibernate Core {5.1.0.Final}
[INFO] 2016-05-06 10:28:17.169 [main] org.hibernate.cfg.Environment - [requestID: ] HHH000206: hibernate.properties not found
[INFO] 2016-05-06 10:28:17.172 [main] org.hibernate.cfg.Environment - [requestID: ] HHH000021: Bytecode provider name : javassist
[INFO] 2016-05-06 10:28:17.215 [main] o.h.annotations.common.Version - [requestID: ] HCANN000001: Hibernate Commons Annotations {5.0.1.Final}
[WARN] 2016-05-06 10:28:17.223 [main] org.hibernate.orm.deprecation - [requestID: ] HHH90000006: Attempted to specify unsupported NamingStrategy via setting [hibernate.ejb.naming_strategy]; NamingStrategy has been removed in favor of the split ImplicitNamingStrategy and PhysicalNamingStrategy; use [hibernate.implicit_naming_strategy] or [hibernate.physical_naming_strategy], respectively, instead.
[INFO] 2016-05-06 10:28:17.595 [main] org.hibernate.dialect.Dialect - [requestID: ] HHH000400: Using dialect: org.hibernate.dialect.H2Dialect
[DEBUG] 2016-05-06 10:28:18.236 [main] o.h.s.internal.StatisticsInitiator - [requestID: ] Statistics initialized [enabled=true]
[INFO] 2016-05-06 10:28:18.244 [main] o.s.t.c.t.TransactionContext - [requestID: ] Began transaction (1) for test context [DefaultTestContext@2b7962a2 testClass = JpaExerciseOneTest, testInstance = pl.java.scalatech.exercise.one.JpaExerciseOneTest@6ad16c5d, testMethod = shouldBoostrap@JpaExerciseOneTest, testException = [null], mergedContextConfiguration = [MergedContextConfiguration@5b852b49 testClass = JpaExerciseOneTest, locations = '{}', classes = '{class pl.java.scalatech.config.PropertiesLoader, class pl.java.scalatech.exercise.one.Jpa1Config}', contextInitializerClasses = '[]', activeProfiles = '{exerciseOne}', propertySourceLocations = '{}', propertySourceProperties = '{}', contextLoader = 'org.springframework.test.context.support.DelegatingSmartContextLoader', parent = [null]]]; transaction manager [org.springframework.orm.jpa.JpaTransactionManager@74ea46e2]; rollback [true]
[INFO] 2016-05-06 10:28:18.250 [main] o.h.e.i.StatisticalLoggingSessionEventListener - [requestID: ] Session Metrics {
    75958 nanoseconds spent acquiring 1 JDBC connections;
    0 nanoseconds spent releasing 0 JDBC connections;
    0 nanoseconds spent preparing 0 JDBC statements;
    0 nanoseconds spent executing 0 JDBC statements;
    0 nanoseconds spent executing 0 JDBC batches;
    0 nanoseconds spent performing 0 L2C puts;
    0 nanoseconds spent performing 0 L2C hits;
    0 nanoseconds spent performing 0 L2C misses;
    0 nanoseconds spent executing 0 flushes (flushing a total of 0 entities and 0 collections);
    0 nanoseconds spent executing 0 partial-flushes (flushing a total of 0 entities and 0 collections)
}
[INFO] 2016-05-06 10:28:18.252 [main] o.s.t.c.t.TransactionContext - [requestID: ] Rolled back transaction for test context [DefaultTestContext@2b7962a2 testClass = JpaExerciseOneTest, testInstance = pl.java.scalatech.exercise.one.JpaExerciseOneTest@6ad16c5d, testMethod = shouldBoostrap@JpaExerciseOneTest, testException = [null], mergedContextConfiguration = [MergedContextConfiguration@5b852b49 testClass = JpaExerciseOneTest, locations = '{}', classes = '{class pl.java.scalatech.config.PropertiesLoader, class pl.java.scalatech.exercise.one.Jpa1Config}', contextInitializerClasses = '[]', activeProfiles = '{exerciseOne}', propertySourceLocations = '{}', propertySourceProperties = '{}', contextLoader = 'org.springframework.test.context.support.DelegatingSmartContextLoader', parent = [null]]].
[INFO] 2016-05-06 10:28:18.254 [Thread-3] o.s.c.s.GenericApplicationContext - [requestID: ] Closing org.springframework.context.support.GenericApplicationContext@2b6856dd: startup date [Fri May 06 10:28:15 CEST 2016]; root of context hierarchy
[INFO] 2016-05-06 10:28:18.258 [Thread-3] o.s.o.j.LocalContainerEntityManagerFactoryBean - [requestID: ] Closing JPA EntityManagerFactory for persistence unit 'default'
[INFO] 2016-05-06 10:29:04.136 [main] o.s.t.c.s.DefaultTestContextBootstrapper - [requestID: ] Loaded default TestExecutionListener class names from location [META-INF/spring.factories]: [org.springframework.test.context.web.ServletTestExecutionListener, org.springframework.test.context.support.DirtiesContextBeforeModesTestExecutionListener, org.springframework.test.context.support.DependencyInjectionTestExecutionListener, org.springframework.test.context.support.DirtiesContextTestExecutionListener, org.springframework.test.context.transaction.TransactionalTestExecutionListener, org.springframework.test.context.jdbc.SqlScriptsTestExecutionListener]
[INFO] 2016-05-06 10:29:04.155 [main] o.s.t.c.s.DefaultTestContextBootstrapper - [requestID: ] Using TestExecutionListeners: [org.springframework.test.context.web.ServletTestExecutionListener@6328d34a, org.springframework.test.context.support.DirtiesContextBeforeModesTestExecutionListener@145eaa29, org.springframework.test.context.support.DependencyInjectionTestExecutionListener@15bb6bea, org.springframework.test.context.support.DirtiesContextTestExecutionListener@8b96fde, org.springframework.test.context.transaction.TransactionalTestExecutionListener@2d2e5f00, org.springframework.test.context.jdbc.SqlScriptsTestExecutionListener@4c40b76e]
[INFO] 2016-05-06 10:29:04.306 [main] o.s.c.s.GenericApplicationContext - [requestID: ] Refreshing org.springframework.context.support.GenericApplicationContext@2b6856dd: startup date [Fri May 06 10:29:04 CEST 2016]; root of context hierarchy
[INFO] 2016-05-06 10:29:04.739 [main] p.j.s.config.PropertiesLoader - [requestID: ] +++  propertySource -> prop profile launch
[INFO] 2016-05-06 10:29:04.881 [main] o.h.validator.internal.util.Version - [requestID: ] HV000001: Hibernate Validator 5.3.0.Alpha1
[INFO] 2016-05-06 10:29:05.381 [main] o.s.o.j.LocalContainerEntityManagerFactoryBean - [requestID: ] Building JPA container EntityManagerFactory for persistence unit 'default'
[INFO] 2016-05-06 10:29:05.403 [main] o.h.jpa.internal.util.LogHelper - [requestID: ] HHH000204: Processing PersistenceUnitInfo [
	name: default
	...]
[INFO] 2016-05-06 10:29:05.493 [main] org.hibernate.Version - [requestID: ] HHH000412: Hibernate Core {5.1.0.Final}
[INFO] 2016-05-06 10:29:05.496 [main] org.hibernate.cfg.Environment - [requestID: ] HHH000206: hibernate.properties not found
[INFO] 2016-05-06 10:29:05.499 [main] org.hibernate.cfg.Environment - [requestID: ] HHH000021: Bytecode provider name : javassist
[INFO] 2016-05-06 10:29:05.546 [main] o.h.annotations.common.Version - [requestID: ] HCANN000001: Hibernate Commons Annotations {5.0.1.Final}
[WARN] 2016-05-06 10:29:05.554 [main] org.hibernate.orm.deprecation - [requestID: ] HHH90000006: Attempted to specify unsupported NamingStrategy via setting [hibernate.ejb.naming_strategy]; NamingStrategy has been removed in favor of the split ImplicitNamingStrategy and PhysicalNamingStrategy; use [hibernate.implicit_naming_strategy] or [hibernate.physical_naming_strategy], respectively, instead.
[INFO] 2016-05-06 10:29:05.959 [main] org.hibernate.dialect.Dialect - [requestID: ] HHH000400: Using dialect: org.hibernate.dialect.H2Dialect
[INFO] 2016-05-06 10:29:06.774 [main] o.h.t.s.e.i.InformationExtractorJdbcDatabaseMetaDataImpl - [requestID: ] HHH000262: Table not found: ADDRESS
[INFO] 2016-05-06 10:29:06.776 [main] o.h.t.s.e.i.InformationExtractorJdbcDatabaseMetaDataImpl - [requestID: ] HHH000262: Table not found: ADDRESS
[INFO] 2016-05-06 10:29:06.786 [main] o.h.t.s.e.i.InformationExtractorJdbcDatabaseMetaDataImpl - [requestID: ] HHH000262: Table not found: DEPARTMENT
[INFO] 2016-05-06 10:29:06.788 [main] o.h.t.s.e.i.InformationExtractorJdbcDatabaseMetaDataImpl - [requestID: ] HHH000262: Table not found: DEPARTMENT
[INFO] 2016-05-06 10:29:06.792 [main] o.h.t.s.e.i.InformationExtractorJdbcDatabaseMetaDataImpl - [requestID: ] HHH000262: Table not found: EMPLOYEE
[INFO] 2016-05-06 10:29:06.794 [main] o.h.t.s.e.i.InformationExtractorJdbcDatabaseMetaDataImpl - [requestID: ] HHH000262: Table not found: EMPLOYEE
[INFO] 2016-05-06 10:29:06.798 [main] o.h.t.s.e.i.InformationExtractorJdbcDatabaseMetaDataImpl - [requestID: ] HHH000262: Table not found: PHONE
[INFO] 2016-05-06 10:29:06.800 [main] o.h.t.s.e.i.InformationExtractorJdbcDatabaseMetaDataImpl - [requestID: ] HHH000262: Table not found: PHONE
[INFO] 2016-05-06 10:29:06.804 [main] o.h.t.s.e.i.InformationExtractorJdbcDatabaseMetaDataImpl - [requestID: ] HHH000262: Table not found: PROJECT
[INFO] 2016-05-06 10:29:06.806 [main] o.h.t.s.e.i.InformationExtractorJdbcDatabaseMetaDataImpl - [requestID: ] HHH000262: Table not found: PROJECT
[INFO] 2016-05-06 10:29:06.810 [main] o.h.t.s.e.i.InformationExtractorJdbcDatabaseMetaDataImpl - [requestID: ] HHH000262: Table not found: PROJECT_EMPLOYEE
[INFO] 2016-05-06 10:29:06.811 [main] o.h.t.s.e.i.InformationExtractorJdbcDatabaseMetaDataImpl - [requestID: ] HHH000262: Table not found: PROJECT_EMPLOYEE
[DEBUG] 2016-05-06 10:29:07.337 [main] o.h.s.internal.StatisticsInitiator - [requestID: ] Statistics initialized [enabled=true]
[INFO] 2016-05-06 10:29:07.345 [main] o.s.t.c.t.TransactionContext - [requestID: ] Began transaction (1) for test context [DefaultTestContext@5d1b1c2a testClass = JpaExerciseOneTest, testInstance = pl.java.scalatech.exercise.one.JpaExerciseOneTest@6397248c, testMethod = shouldBoostrap@JpaExerciseOneTest, testException = [null], mergedContextConfiguration = [MergedContextConfiguration@5426cb36 testClass = JpaExerciseOneTest, locations = '{}', classes = '{class pl.java.scalatech.config.PropertiesLoader, class pl.java.scalatech.exercise.one.Jpa1Config}', contextInitializerClasses = '[]', activeProfiles = '{exerciseOne}', propertySourceLocations = '{}', propertySourceProperties = '{}', contextLoader = 'org.springframework.test.context.support.DelegatingSmartContextLoader', parent = [null]]]; transaction manager [org.springframework.orm.jpa.JpaTransactionManager@25f61c2c]; rollback [true]
[INFO] 2016-05-06 10:29:07.353 [main] o.h.e.i.StatisticalLoggingSessionEventListener - [requestID: ] Session Metrics {
    72147 nanoseconds spent acquiring 1 JDBC connections;
    0 nanoseconds spent releasing 0 JDBC connections;
    0 nanoseconds spent preparing 0 JDBC statements;
    0 nanoseconds spent executing 0 JDBC statements;
    0 nanoseconds spent executing 0 JDBC batches;
    0 nanoseconds spent performing 0 L2C puts;
    0 nanoseconds spent performing 0 L2C hits;
    0 nanoseconds spent performing 0 L2C misses;
    0 nanoseconds spent executing 0 flushes (flushing a total of 0 entities and 0 collections);
    0 nanoseconds spent executing 0 partial-flushes (flushing a total of 0 entities and 0 collections)
}
[INFO] 2016-05-06 10:29:07.356 [main] o.s.t.c.t.TransactionContext - [requestID: ] Rolled back transaction for test context [DefaultTestContext@5d1b1c2a testClass = JpaExerciseOneTest, testInstance = pl.java.scalatech.exercise.one.JpaExerciseOneTest@6397248c, testMethod = shouldBoostrap@JpaExerciseOneTest, testException = [null], mergedContextConfiguration = [MergedContextConfiguration@5426cb36 testClass = JpaExerciseOneTest, locations = '{}', classes = '{class pl.java.scalatech.config.PropertiesLoader, class pl.java.scalatech.exercise.one.Jpa1Config}', contextInitializerClasses = '[]', activeProfiles = '{exerciseOne}', propertySourceLocations = '{}', propertySourceProperties = '{}', contextLoader = 'org.springframework.test.context.support.DelegatingSmartContextLoader', parent = [null]]].
[INFO] 2016-05-06 10:29:07.403 [Thread-3] o.s.c.s.GenericApplicationContext - [requestID: ] Closing org.springframework.context.support.GenericApplicationContext@2b6856dd: startup date [Fri May 06 10:29:04 CEST 2016]; root of context hierarchy
[INFO] 2016-05-06 10:29:07.405 [Thread-3] o.s.o.j.LocalContainerEntityManagerFactoryBean - [requestID: ] Closing JPA EntityManagerFactory for persistence unit 'default'
[INFO] 2016-05-06 10:29:13.934 [Thread-10] o.s.b.c.e.AnnotationConfigEmbeddedWebApplicationContext - [requestID: ] Closing org.springframework.boot.context.embedded.AnnotationConfigEmbeddedWebApplicationContext@eec24fa: startup date [Fri May 06 10:00:29 CEST 2016]; root of context hierarchy
[WARN] 2016-05-06 10:29:13.947 [Thread-10] o.s.b.f.s.DisposableBeanAdapter - [requestID: ] Invocation of destroy method failed on bean with name 'inMemoryDatabaseShutdownExecutor': org.h2.jdbc.JdbcSQLException: Baza danych jest ju zamknita (aby zablokowa samoczynne zamykanie podczas zamknicia VM dodaj ";DB_CLOSE_ON_EXIT=FALSE" do URL bazy danych)
Database is already closed (to disable automatic closing at VM shutdown, add ";DB_CLOSE_ON_EXIT=FALSE" to the db URL) [90121-191]
[INFO] 2016-05-06 10:29:13.949 [Thread-10] o.s.j.e.a.AnnotationMBeanExporter - [requestID: ] Unregistering JMX-exposed beans on shutdown
[INFO] 2016-05-06 10:29:13.950 [Thread-10] o.s.j.e.a.AnnotationMBeanExporter - [requestID: ] Unregistering JMX-exposed beans
[INFO] 2016-05-06 10:29:13.952 [Thread-10] o.s.o.j.LocalContainerEntityManagerFactoryBean - [requestID: ] Closing JPA EntityManagerFactory for persistence unit 'default'
